Duplicated file found; will not be sent for synthesis: d:/study/Grade3/hardware/REAL/TTS/TTS_IP_LITE/project_1/project_1.srcs/sources_1/ipshared/xilinx.com/uart_xfh_v1_0/1381927c/src/UART_xfh.v
Duplicated file found; will not be sent for synthesis: d:/study/Grade3/hardware/REAL/TTS/TTS_IP_LITE/project_1/project_1.srcs/sources_1/ipshared/xilinx.com/uart_xfh_v1_0/1381927c/hdl/UART_xfh_v1_0_S00_AXI.v
Duplicated file found; will not be sent for synthesis: d:/study/Grade3/hardware/REAL/TTS/TTS_IP_LITE/project_1/project_1.srcs/sources_1/ipshared/xilinx.com/uart_xfh_v1_0/1381927c/hdl/UART_xfh_v1_0.v
Duplicated file found; will not be sent for synthesis: d:/study/Grade3/hardware/REAL/TTS/TTS_IP_LITE/project_1/project_1.srcs/sources_1/ipshared/xilinx.com/uart_xfh_v1_0/1381927c/src/UART_xfh.v
Duplicated file found; will not be sent for synthesis: d:/study/Grade3/hardware/REAL/TTS/TTS_IP_LITE/project_1/project_1.srcs/sources_1/ipshared/xilinx.com/uart_xfh_v1_0/1381927c/hdl/UART_xfh_v1_0_S00_AXI.v
Duplicated file found; will not be sent for synthesis: d:/study/Grade3/hardware/REAL/TTS/TTS_IP_LITE/project_1/project_1.srcs/sources_1/ipshared/xilinx.com/uart_xfh_v1_0/1381927c/hdl/UART_xfh_v1_0.v
Duplicated file found; will not be sent for synthesis: d:/study/Grade3/hardware/REAL/TTS/TTS_IP_LITE/project_1/project_1.srcs/sources_1/ipshared/xilinx.com/generic_baseblocks_v2_1/da89d453/hdl/verilog/generic_baseblocks_v2_1_carry_and.v
Duplicated file found; will not be sent for synthesis: d:/study/Grade3/hardware/REAL/TTS/TTS_IP_LITE/project_1/project_1.srcs/sources_1/ipshared/xilinx.com/generic_baseblocks_v2_1/da89d453/hdl/verilog/generic_baseblocks_v2_1_carry_latch_and.v
Duplicated file found; will not be sent for synthesis: d:/study/Grade3/hardware/REAL/TTS/TTS_IP_LITE/project_1/project_1.srcs/sources_1/ipshared/xilinx.com/generic_baseblocks_v2_1/da89d453/hdl/verilog/generic_baseblocks_v2_1_carry_latch_or.v
Duplicated file found; will not be sent for synthesis: d:/study/Grade3/hardware/REAL/TTS/TTS_IP_LITE/project_1/project_1.srcs/sources_1/ipshared/xilinx.com/generic_baseblocks_v2_1/da89d453/hdl/verilog/generic_baseblocks_v2_1_carry_or.v
Duplicated file found; will not be sent for synthesis: d:/study/Grade3/hardware/REAL/TTS/TTS_IP_LITE/project_1/project_1.srcs/sources_1/ipshared/xilinx.com/generic_baseblocks_v2_1/da89d453/hdl/verilog/generic_baseblocks_v2_1_carry.v
Duplicated file found; will not be sent for synthesis: d:/study/Grade3/hardware/REAL/TTS/TTS_IP_LITE/project_1/project_1.srcs/sources_1/ipshared/xilinx.com/generic_baseblocks_v2_1/da89d453/hdl/verilog/generic_baseblocks_v2_1_command_fifo.v
Duplicated file found; will not be sent for synthesis: d:/study/Grade3/hardware/REAL/TTS/TTS_IP_LITE/project_1/project_1.srcs/sources_1/ipshared/xilinx.com/generic_baseblocks_v2_1/da89d453/hdl/verilog/generic_baseblocks_v2_1_comparator_mask_static.v
Duplicated file found; will not be sent for synthesis: d:/study/Grade3/hardware/REAL/TTS/TTS_IP_LITE/project_1/project_1.srcs/sources_1/ipshared/xilinx.com/generic_baseblocks_v2_1/da89d453/hdl/verilog/generic_baseblocks_v2_1_comparator_mask.v
Duplicated file found; will not be sent for synthesis: d:/study/Grade3/hardware/REAL/TTS/TTS_IP_LITE/project_1/project_1.srcs/sources_1/ipshared/xilinx.com/generic_baseblocks_v2_1/da89d453/hdl/verilog/generic_baseblocks_v2_1_comparator_sel_mask_static.v
Duplicated file found; will not be sent for synthesis: d:/study/Grade3/hardware/REAL/TTS/TTS_IP_LITE/project_1/project_1.srcs/sources_1/ipshared/xilinx.com/generic_baseblocks_v2_1/da89d453/hdl/verilog/generic_baseblocks_v2_1_comparator_sel_mask.v
Duplicated file found; will not be sent for synthesis: d:/study/Grade3/hardware/REAL/TTS/TTS_IP_LITE/project_1/project_1.srcs/sources_1/ipshared/xilinx.com/generic_baseblocks_v2_1/da89d453/hdl/verilog/generic_baseblocks_v2_1_comparator_sel_static.v
Duplicated file found; will not be sent for synthesis: d:/study/Grade3/hardware/REAL/TTS/TTS_IP_LITE/project_1/project_1.srcs/sources_1/ipshared/xilinx.com/generic_baseblocks_v2_1/da89d453/hdl/verilog/generic_baseblocks_v2_1_comparator_sel.v
Duplicated file found; will not be sent for synthesis: d:/study/Grade3/hardware/REAL/TTS/TTS_IP_LITE/project_1/project_1.srcs/sources_1/ipshared/xilinx.com/generic_baseblocks_v2_1/da89d453/hdl/verilog/generic_baseblocks_v2_1_comparator_static.v
Duplicated file found; will not be sent for synthesis: d:/study/Grade3/hardware/REAL/TTS/TTS_IP_LITE/project_1/project_1.srcs/sources_1/ipshared/xilinx.com/generic_baseblocks_v2_1/da89d453/hdl/verilog/generic_baseblocks_v2_1_comparator.v
Duplicated file found; will not be sent for synthesis: d:/study/Grade3/hardware/REAL/TTS/TTS_IP_LITE/project_1/project_1.srcs/sources_1/ipshared/xilinx.com/generic_baseblocks_v2_1/da89d453/hdl/verilog/generic_baseblocks_v2_1_mux_enc.v
Duplicated file found; will not be sent for synthesis: d:/study/Grade3/hardware/REAL/TTS/TTS_IP_LITE/project_1/project_1.srcs/sources_1/ipshared/xilinx.com/generic_baseblocks_v2_1/da89d453/hdl/verilog/generic_baseblocks_v2_1_mux.v
Duplicated file found; will not be sent for synthesis: d:/study/Grade3/hardware/REAL/TTS/TTS_IP_LITE/project_1/project_1.srcs/sources_1/ipshared/xilinx.com/generic_baseblocks_v2_1/da89d453/hdl/verilog/generic_baseblocks_v2_1_nto1_mux.v
Duplicated file found; will not be sent for synthesis: d:/study/Grade3/hardware/REAL/TTS/TTS_IP_LITE/project_1/project_1.srcs/sources_1/ipshared/xilinx.com/axi_data_fifo_v2_1/82d298e6/hdl/verilog/axi_data_fifo_v2_1_axic_fifo.v
Duplicated file found; will not be sent for synthesis: d:/study/Grade3/hardware/REAL/TTS/TTS_IP_LITE/project_1/project_1.srcs/sources_1/ipshared/xilinx.com/axi_data_fifo_v2_1/82d298e6/hdl/verilog/axi_data_fifo_v2_1_fifo_gen.v
Duplicated file found; will not be sent for synthesis: d:/study/Grade3/hardware/REAL/TTS/TTS_IP_LITE/project_1/project_1.srcs/sources_1/ipshared/xilinx.com/axi_data_fifo_v2_1/82d298e6/hdl/verilog/axi_data_fifo_v2_1_axic_srl_fifo.v
Duplicated file found; will not be sent for synthesis: d:/study/Grade3/hardware/REAL/TTS/TTS_IP_LITE/project_1/project_1.srcs/sources_1/ipshared/xilinx.com/axi_data_fifo_v2_1/82d298e6/hdl/verilog/axi_data_fifo_v2_1_axic_reg_srl_fifo.v
Duplicated file found; will not be sent for synthesis: d:/study/Grade3/hardware/REAL/TTS/TTS_IP_LITE/project_1/project_1.srcs/sources_1/ipshared/xilinx.com/axi_data_fifo_v2_1/82d298e6/hdl/verilog/axi_data_fifo_v2_1_ndeep_srl.v
Duplicated file found; will not be sent for synthesis: d:/study/Grade3/hardware/REAL/TTS/TTS_IP_LITE/project_1/project_1.srcs/sources_1/ipshared/xilinx.com/axi_data_fifo_v2_1/82d298e6/hdl/verilog/axi_data_fifo_v2_1_axi_data_fifo.v
Duplicated file found; will not be sent for synthesis: d:/study/Grade3/hardware/REAL/TTS/TTS_IP_LITE/project_1/project_1.srcs/sources_1/ipshared/xilinx.com/axi_infrastructure_v1_1/cf21a66f/hdl/verilog/axi_infrastructure_v1_1_header.vh
Duplicated file found; will not be sent for synthesis: d:/study/Grade3/hardware/REAL/TTS/TTS_IP_LITE/project_1/project_1.srcs/sources_1/ipshared/xilinx.com/axi_infrastructure_v1_1/cf21a66f/hdl/verilog/axi_infrastructure_v1_1_axi2vector.v
Duplicated file found; will not be sent for synthesis: d:/study/Grade3/hardware/REAL/TTS/TTS_IP_LITE/project_1/project_1.srcs/sources_1/ipshared/xilinx.com/axi_infrastructure_v1_1/cf21a66f/hdl/verilog/axi_infrastructure_v1_1_axic_srl_fifo.v
Duplicated file found; will not be sent for synthesis: d:/study/Grade3/hardware/REAL/TTS/TTS_IP_LITE/project_1/project_1.srcs/sources_1/ipshared/xilinx.com/axi_infrastructure_v1_1/cf21a66f/hdl/verilog/axi_infrastructure_v1_1_vector2axi.v
Duplicated file found; will not be sent for synthesis: d:/study/Grade3/hardware/REAL/TTS/TTS_IP_LITE/project_1/project_1.srcs/sources_1/ipshared/xilinx.com/axi_register_slice_v2_1/03a8e0ba/hdl/verilog/axi_register_slice_v2_1_axic_register_slice.v
Duplicated file found; will not be sent for synthesis: d:/study/Grade3/hardware/REAL/TTS/TTS_IP_LITE/project_1/project_1.srcs/sources_1/ipshared/xilinx.com/axi_register_slice_v2_1/03a8e0ba/hdl/verilog/axi_register_slice_v2_1_axi_register_slice.v
Duplicated file found; will not be sent for synthesis: d:/study/Grade3/hardware/REAL/TTS/TTS_IP_LITE/project_1/project_1.srcs/sources_1/ipshared/xilinx.com/blk_mem_gen_v8_2/7b054ed9/hdl/blk_mem_gen_v8_2_vhsyn_rfs.vhd
Duplicated file found; will not be sent for synthesis: d:/study/Grade3/hardware/REAL/TTS/TTS_IP_LITE/project_1/project_1.srcs/sources_1/ipshared/xilinx.com/blk_mem_gen_v8_2/7b054ed9/hdl/blk_mem_gen_v8_2.vhd
Duplicated file found; will not be sent for synthesis: d:/study/Grade3/hardware/REAL/TTS/TTS_IP_LITE/project_1/project_1.srcs/sources_1/ipshared/xilinx.com/fifo_generator_v12_0/15467f24/hdl/fifo_generator_v12_0_vhsyn_rfs.vhd
Duplicated file found; will not be sent for synthesis: d:/study/Grade3/hardware/REAL/TTS/TTS_IP_LITE/project_1/project_1.srcs/sources_1/ipshared/xilinx.com/fifo_generator_v12_0/15467f24/hdl/fifo_generator_v12_0.vhd
CRC performance measure: elapsed=00:00:00.006s;;memory_peak=267.426MB;;memory_gain=0.000MB
