
*** Running vivado
    with args -log iic_drive.vdi -applog -m64 -messageDb vivado.pb -mode batch -source iic_drive.tcl -notrace


****** Vivado v2015.2 (64-bit)
  **** SW Build 1266856 on Fri Jun 26 16:35:25 MDT 2015
  **** IP Build 1264090 on Wed Jun 24 14:22:01 MDT 2015
    ** Copyright 1986-2015 Xilinx, Inc. All Rights Reserved.

source iic_drive.tcl -notrace
Design is defaulting to srcset: sources_1
Design is defaulting to constrset: constrs_1
INFO: [Netlist 29-17] Analyzing 30 Unisim elements for replacement
INFO: [Netlist 29-28] Unisim Transformation completed in 0 CPU seconds
INFO: [Project 1-479] Netlist was created with Vivado 2015.2
INFO: [Device 21-403] Loading part xc7z020clg484-1
INFO: [Project 1-570] Preparing netlist for logic optimization
INFO: [Opt 31-138] Pushed 0 inverter(s) to 0 load pin(s).
INFO: [Project 1-111] Unisim Transformation Summary:
  A total of 1 instances were transformed.
  IOBUF => IOBUF (IBUF, OBUFT): 1 instances

Command: opt_design
Attempting to get a license for feature 'Implementation' and/or device 'xc7z020'
INFO: [Common 17-349] Got license for feature 'Implementation' and/or device 'xc7z020'
Running DRC as a precondition to command opt_design

Starting DRC Task
INFO: [DRC 23-27] Running DRC with 2 threads
INFO: [Project 1-461] DRC finished with 0 Errors
INFO: [Project 1-462] Please refer to the DRC report (report_drc) for more information.

Time (s): cpu = 00:00:00 ; elapsed = 00:00:00.062 . Memory (MB): peak = 642.961 ; gain = 0.000
INFO: [Timing 38-35] Done setting XDC timing constraints.

Starting Logic Optimization Task

Phase 1 Retarget

INFO: [Opt 31-138] Pushed 1 inverter(s) to 1 load pin(s).
INFO: [Opt 31-49] Retargeted 0 cell(s).
Phase 1 Retarget | Checksum: 142c7907

Time (s): cpu = 00:00:00 ; elapsed = 00:00:00.017 . Memory (MB): peak = 974.098 ; gain = 0.000

Phase 2 Constant Propagation
INFO: [Opt 31-138] Pushed 0 inverter(s) to 0 load pin(s).
INFO: [Opt 31-10] Eliminated 0 cells.
Phase 2 Constant Propagation | Checksum: 142c7907

Time (s): cpu = 00:00:00 ; elapsed = 00:00:00.032 . Memory (MB): peak = 974.098 ; gain = 0.000

Phase 3 Sweep
INFO: [Opt 31-12] Eliminated 0 unconnected nets.
INFO: [Opt 31-11] Eliminated 0 unconnected cells.
Phase 3 Sweep | Checksum: 142c7907

Time (s): cpu = 00:00:00 ; elapsed = 00:00:00.032 . Memory (MB): peak = 974.098 ; gain = 0.000

Starting Connectivity Check Task

Time (s): cpu = 00:00:00 ; elapsed = 00:00:00 . Memory (MB): peak = 974.098 ; gain = 0.000
Ending Logic Optimization Task | Checksum: 142c7907

Time (s): cpu = 00:00:00 ; elapsed = 00:00:00.032 . Memory (MB): peak = 974.098 ; gain = 0.000
Implement Debug Cores | Checksum: 15157b7b1
Logic Optimization | Checksum: 15157b7b1

Starting Power Optimization Task
INFO: [Pwropt 34-132] Skipping clock gating for clocks with a period < 3.13 ns.
Ending Power Optimization Task | Checksum: 142c7907

Time (s): cpu = 00:00:00 ; elapsed = 00:00:00 . Memory (MB): peak = 974.098 ; gain = 0.000
INFO: [Common 17-83] Releasing license: Implementation
20 Infos, 0 Warnings, 0 Critical Warnings and 0 Errors encountered.
opt_design completed successfully
opt_design: Time (s): cpu = 00:00:09 ; elapsed = 00:00:13 . Memory (MB): peak = 974.098 ; gain = 442.344
INFO: [DRC 23-27] Running DRC with 2 threads
INFO: [Coretcl 2-168] The results of DRC are in file F:/ZYNQ/lzk_iic_fangzhen/iic_drive/iic_drive.runs/impl_1/iic_drive_drc_opted.rpt.
INFO: [#UNDEF] Cannot write hardware definition file as there are no IPI block design hardware handoff files present
Command: place_design
Attempting to get a license for feature 'Implementation' and/or device 'xc7z020'
INFO: [Common 17-349] Got license for feature 'Implementation' and/or device 'xc7z020'
INFO: [DRC 23-27] Running DRC with 2 threads
INFO: [Vivado_Tcl 4-198] DRC finished with 0 Errors
INFO: [Vivado_Tcl 4-199] Please refer to the DRC report (report_drc) for more information.
Running DRC as a precondition to command place_design
INFO: [DRC 23-27] Running DRC with 2 threads
INFO: [Vivado_Tcl 4-198] DRC finished with 0 Errors
INFO: [Vivado_Tcl 4-199] Please refer to the DRC report (report_drc) for more information.

Starting Placer Task
INFO: [Place 30-611] Multithreading enabled for place_design using a maximum of 2 CPUs

Phase 1 Placer Runtime Estimator
Phase 1 Placer Runtime Estimator | Checksum: 0ecab5a8

Time (s): cpu = 00:00:00 ; elapsed = 00:00:00.015 . Memory (MB): peak = 988.559 ; gain = 0.000

Phase 2 Placer Initialization
Netlist sorting complete. Time (s): cpu = 00:00:00 ; elapsed = 00:00:00 . Memory (MB): peak = 988.559 ; gain = 0.000
Netlist sorting complete. Time (s): cpu = 00:00:00 ; elapsed = 00:00:00 . Memory (MB): peak = 988.559 ; gain = 0.000

Phase 2.1 IO Placement/ Clock Placement/ Build Placer Device

Phase 2.1.1 Pre-Place Cells
Phase 2.1.1 Pre-Place Cells | Checksum: 00000000

Time (s): cpu = 00:00:00 ; elapsed = 00:00:00.031 . Memory (MB): peak = 988.559 ; gain = 0.000
INFO: [Timing 38-35] Done setting XDC timing constraints.

Phase 2.1.2 IO & Clk Clean Up
Phase 2.1.2 IO & Clk Clean Up | Checksum: 00000000

Time (s): cpu = 00:00:01 ; elapsed = 00:00:00.625 . Memory (MB): peak = 1009.926 ; gain = 21.367

Phase 2.1.3 Implementation Feasibility check On IDelay
Phase 2.1.3 Implementation Feasibility check On IDelay | Checksum: 00000000

Time (s): cpu = 00:00:01 ; elapsed = 00:00:00.625 . Memory (MB): peak = 1009.926 ; gain = 21.367

Phase 2.1.4 Commit IO Placement
Phase 2.1.4 Commit IO Placement | Checksum: c13e12ea

Time (s): cpu = 00:00:01 ; elapsed = 00:00:00.625 . Memory (MB): peak = 1009.926 ; gain = 21.367
Phase 2.1 IO Placement/ Clock Placement/ Build Placer Device | Checksum: d2dbab1c

Time (s): cpu = 00:00:01 ; elapsed = 00:00:00.625 . Memory (MB): peak = 1009.926 ; gain = 21.367

Phase 2.2 Build Placer Netlist Model

Phase 2.2.1 Place Init Design
Phase 2.2.1 Place Init Design | Checksum: f97ae170

Time (s): cpu = 00:00:01 ; elapsed = 00:00:00.646 . Memory (MB): peak = 1009.926 ; gain = 21.367
Phase 2.2 Build Placer Netlist Model | Checksum: f97ae170

Time (s): cpu = 00:00:01 ; elapsed = 00:00:00.646 . Memory (MB): peak = 1009.926 ; gain = 21.367

Phase 2.3 Constrain Clocks/Macros

Phase 2.3.1 Constrain Global/Regional Clocks
Phase 2.3.1 Constrain Global/Regional Clocks | Checksum: f97ae170

Time (s): cpu = 00:00:01 ; elapsed = 00:00:00.646 . Memory (MB): peak = 1009.926 ; gain = 21.367
Phase 2.3 Constrain Clocks/Macros | Checksum: f97ae170

Time (s): cpu = 00:00:01 ; elapsed = 00:00:00.646 . Memory (MB): peak = 1009.926 ; gain = 21.367
Phase 2 Placer Initialization | Checksum: f97ae170

Time (s): cpu = 00:00:01 ; elapsed = 00:00:00.646 . Memory (MB): peak = 1009.926 ; gain = 21.367

Phase 3 Global Placement
Phase 3 Global Placement | Checksum: 162c53cc2

Time (s): cpu = 00:00:01 ; elapsed = 00:00:01 . Memory (MB): peak = 1009.926 ; gain = 21.367

Phase 4 Detail Placement

Phase 4.1 Commit Multi Column Macros
Phase 4.1 Commit Multi Column Macros | Checksum: 162c53cc2

Time (s): cpu = 00:00:01 ; elapsed = 00:00:01 . Memory (MB): peak = 1009.926 ; gain = 21.367

Phase 4.2 Commit Most Macros & LUTRAMs
Phase 4.2 Commit Most Macros & LUTRAMs | Checksum: de889b03

Time (s): cpu = 00:00:01 ; elapsed = 00:00:01 . Memory (MB): peak = 1009.926 ; gain = 21.367

Phase 4.3 Area Swap Optimization
Phase 4.3 Area Swap Optimization | Checksum: 1b0cdace9

Time (s): cpu = 00:00:01 ; elapsed = 00:00:01 . Memory (MB): peak = 1009.926 ; gain = 21.367

Phase 4.4 Small Shape Detail Placement

Phase 4.4.1 Commit Small Macros & Core Logic

Phase 4.4.1.1 Commit Slice Clusters
Phase 4.4.1.1 Commit Slice Clusters | Checksum: 16c105190

Time (s): cpu = 00:00:01 ; elapsed = 00:00:01 . Memory (MB): peak = 1009.926 ; gain = 21.367
Phase 4.4.1 Commit Small Macros & Core Logic | Checksum: 16c105190

Time (s): cpu = 00:00:01 ; elapsed = 00:00:01 . Memory (MB): peak = 1009.926 ; gain = 21.367

Phase 4.4.2 Clock Restriction Legalization for Leaf Columns
Phase 4.4.2 Clock Restriction Legalization for Leaf Columns | Checksum: 16c105190

Time (s): cpu = 00:00:01 ; elapsed = 00:00:01 . Memory (MB): peak = 1009.926 ; gain = 21.367

Phase 4.4.3 Clock Restriction Legalization for Non-Clock Pins
Phase 4.4.3 Clock Restriction Legalization for Non-Clock Pins | Checksum: 16c105190

Time (s): cpu = 00:00:01 ; elapsed = 00:00:01 . Memory (MB): peak = 1009.926 ; gain = 21.367
Phase 4.4 Small Shape Detail Placement | Checksum: 16c105190

Time (s): cpu = 00:00:01 ; elapsed = 00:00:01 . Memory (MB): peak = 1009.926 ; gain = 21.367

Phase 4.5 Re-assign LUT pins
Phase 4.5 Re-assign LUT pins | Checksum: 16c105190

Time (s): cpu = 00:00:01 ; elapsed = 00:00:01 . Memory (MB): peak = 1009.926 ; gain = 21.367
Phase 4 Detail Placement | Checksum: 16c105190

Time (s): cpu = 00:00:01 ; elapsed = 00:00:01 . Memory (MB): peak = 1009.926 ; gain = 21.367

Phase 5 Post Placement Optimization and Clean-Up

Phase 5.1 PCOPT Shape updates
Phase 5.1 PCOPT Shape updates | Checksum: 165046209

Time (s): cpu = 00:00:01 ; elapsed = 00:00:01 . Memory (MB): peak = 1009.926 ; gain = 21.367

Phase 5.2 Post Commit Optimization
Phase 5.2 Post Commit Optimization | Checksum: 165046209

Time (s): cpu = 00:00:01 ; elapsed = 00:00:01 . Memory (MB): peak = 1009.926 ; gain = 21.367

Phase 5.3 Sweep Clock Roots: Post-Placement
Phase 5.3 Sweep Clock Roots: Post-Placement | Checksum: 165046209

Time (s): cpu = 00:00:01 ; elapsed = 00:00:01 . Memory (MB): peak = 1009.926 ; gain = 21.367

Phase 5.4 Post Placement Cleanup
Phase 5.4 Post Placement Cleanup | Checksum: 165046209

Time (s): cpu = 00:00:01 ; elapsed = 00:00:01 . Memory (MB): peak = 1009.926 ; gain = 21.367

Phase 5.5 Placer Reporting
Phase 5.5 Placer Reporting | Checksum: 165046209

Time (s): cpu = 00:00:01 ; elapsed = 00:00:01 . Memory (MB): peak = 1009.926 ; gain = 21.367

Phase 5.6 Final Placement Cleanup
Phase 5.6 Final Placement Cleanup | Checksum: 16b20ba92

Time (s): cpu = 00:00:01 ; elapsed = 00:00:01 . Memory (MB): peak = 1009.926 ; gain = 21.367
Phase 5 Post Placement Optimization and Clean-Up | Checksum: 16b20ba92

Time (s): cpu = 00:00:01 ; elapsed = 00:00:01 . Memory (MB): peak = 1009.926 ; gain = 21.367
Ending Placer Task | Checksum: 146256550

Time (s): cpu = 00:00:01 ; elapsed = 00:00:01 . Memory (MB): peak = 1009.926 ; gain = 21.367
INFO: [Common 17-83] Releasing license: Implementation
33 Infos, 0 Warnings, 0 Critical Warnings and 0 Errors encountered.
place_design completed successfully
Writing placer database...
Writing XDEF routing.
Writing XDEF routing logical nets.
Writing XDEF routing special nets.
Write XDEF Complete: Time (s): cpu = 00:00:01 ; elapsed = 00:00:00.141 . Memory (MB): peak = 1009.926 ; gain = 0.000
report_io: Time (s): cpu = 00:00:00 ; elapsed = 00:00:00.063 . Memory (MB): peak = 1009.926 ; gain = 0.000
report_utilization: Time (s): cpu = 00:00:00 ; elapsed = 00:00:00.047 . Memory (MB): peak = 1009.926 ; gain = 0.000
report_control_sets: Time (s): cpu = 00:00:00 ; elapsed = 00:00:00 . Memory (MB): peak = 1009.926 ; gain = 0.000
Command: route_design
Attempting to get a license for feature 'Implementation' and/or device 'xc7z020'
INFO: [Common 17-349] Got license for feature 'Implementation' and/or device 'xc7z020'
Running DRC as a precondition to command route_design
INFO: [DRC 23-27] Running DRC with 2 threads
INFO: [Vivado_Tcl 4-198] DRC finished with 0 Errors
INFO: [Vivado_Tcl 4-199] Please refer to the DRC report (report_drc) for more information.


Starting Routing Task
INFO: [Route 35-254] Multithreading enabled for route_design using a maximum of 2 CPUs

Phase 1 Build RT Design
Phase 1 Build RT Design | Checksum: 9e26109d

Time (s): cpu = 00:00:22 ; elapsed = 00:00:29 . Memory (MB): peak = 1085.523 ; gain = 75.598

Phase 2 Router Initialization
INFO: [Route 35-64] No timing constraints were detected. The router will operate in resource-optimization mode.

Phase 2.1 Pre Route Cleanup
Phase 2.1 Pre Route Cleanup | Checksum: 9e26109d

Time (s): cpu = 00:00:22 ; elapsed = 00:00:29 . Memory (MB): peak = 1089.555 ; gain = 79.629
 Number of Nodes with overlaps = 0
Phase 2 Router Initialization | Checksum: 9e900014

Time (s): cpu = 00:00:22 ; elapsed = 00:00:29 . Memory (MB): peak = 1097.770 ; gain = 87.844

Phase 3 Initial Routing
Phase 3 Initial Routing | Checksum: 9216cdf8

Time (s): cpu = 00:00:22 ; elapsed = 00:00:29 . Memory (MB): peak = 1097.770 ; gain = 87.844

Phase 4 Rip-up And Reroute

Phase 4.1 Global Iteration 0
 Number of Nodes with overlaps = 11
 Number of Nodes with overlaps = 0
Phase 4.1 Global Iteration 0 | Checksum: 1b4091164

Time (s): cpu = 00:00:22 ; elapsed = 00:00:29 . Memory (MB): peak = 1097.770 ; gain = 87.844
Phase 4 Rip-up And Reroute | Checksum: 1b4091164

Time (s): cpu = 00:00:22 ; elapsed = 00:00:29 . Memory (MB): peak = 1097.770 ; gain = 87.844

Phase 5 Delay and Skew Optimization
Phase 5 Delay and Skew Optimization | Checksum: 1b4091164

Time (s): cpu = 00:00:22 ; elapsed = 00:00:29 . Memory (MB): peak = 1097.770 ; gain = 87.844

Phase 6 Post Hold Fix
Phase 6 Post Hold Fix | Checksum: 1b4091164

Time (s): cpu = 00:00:22 ; elapsed = 00:00:29 . Memory (MB): peak = 1097.770 ; gain = 87.844

Phase 7 Route finalize

Router Utilization Summary
  Global Vertical Routing Utilization    = 0.0348452 %
  Global Horizontal Routing Utilization  = 0.0271298 %
  Routable Net Status*
  *Does not include unroutable nets such as driverless and loadless.
  Run report_route_status for detailed report.
  Number of Failed Nets               = 0
  Number of Unrouted Nets             = 0
  Number of Partially Routed Nets     = 0
  Number of Node Overlaps             = 0

Congestion Report
North Dir 1x1 Area, Max Cong = 18.9189%, No Congested Regions.
South Dir 1x1 Area, Max Cong = 24.3243%, No Congested Regions.
East Dir 1x1 Area, Max Cong = 22.0588%, No Congested Regions.
West Dir 1x1 Area, Max Cong = 25%, No Congested Regions.
Phase 7 Route finalize | Checksum: 1b4091164

Time (s): cpu = 00:00:22 ; elapsed = 00:00:29 . Memory (MB): peak = 1097.770 ; gain = 87.844

Phase 8 Verifying routed nets

 Verification completed successfully
Phase 8 Verifying routed nets | Checksum: 1b4091164

Time (s): cpu = 00:00:22 ; elapsed = 00:00:29 . Memory (MB): peak = 1097.770 ; gain = 87.844

Phase 9 Depositing Routes
Phase 9 Depositing Routes | Checksum: de5f5ac6

Time (s): cpu = 00:00:22 ; elapsed = 00:00:29 . Memory (MB): peak = 1097.770 ; gain = 87.844
INFO: [Route 35-16] Router Completed Successfully

Time (s): cpu = 00:00:22 ; elapsed = 00:00:29 . Memory (MB): peak = 1097.770 ; gain = 87.844

Routing Is Done.
INFO: [Common 17-83] Releasing license: Implementation
41 Infos, 0 Warnings, 0 Critical Warnings and 0 Errors encountered.
route_design completed successfully
route_design: Time (s): cpu = 00:00:23 ; elapsed = 00:00:31 . Memory (MB): peak = 1097.770 ; gain = 87.844
Writing placer database...
Writing XDEF routing.
Writing XDEF routing logical nets.
Writing XDEF routing special nets.
Write XDEF Complete: Time (s): cpu = 00:00:01 ; elapsed = 00:00:00.080 . Memory (MB): peak = 1097.770 ; gain = 0.000
INFO: [DRC 23-27] Running DRC with 2 threads
INFO: [Coretcl 2-168] The results of DRC are in file F:/ZYNQ/lzk_iic_fangzhen/iic_drive/iic_drive.runs/impl_1/iic_drive_drc_routed.rpt.
INFO: [Timing 38-91] UpdateTimingParams: Speed grade: -1, Delay Type: min_max.
INFO: [Timing 38-191] Multithreading enabled for timing update using a maximum of 2 CPUs
WARNING: [Timing 38-313] There are no user specified timing constraints. Timing constraints are needed for proper timing analysis.
WARNING: [Power 33-232] No user defined clocks were found in the design!
Resolution: Please specify clocks using create_clock/create_generated_clock for sequential elements. For pure combinatorial circuits, please specify a virtual clock, otherwise the vectorless estimation might be inaccurate
Running Vector-less Activity Propagation...

Finished Running Vector-less Activity Propagation
INFO: [Common 17-206] Exiting Vivado at Thu Jun 01 16:07:20 2023...
