#-----------------------------------------------------------
# Vivado v2015.2 (64-bit)
# SW Build 1266856 on Fri Jun 26 16:35:25 MDT 2015
# IP Build 1264090 on Wed Jun 24 14:22:01 MDT 2015
# Start of session at: Tue Jun 06 13:22:08 2023
# Process ID: 26136
# Log file: D:/study/Grade3/hardware/HardwareProject-main/TTS/TTS_IP_LITE/project_1/vivado.log
# Journal file: D:/study/Grade3/hardware/HardwareProject-main/TTS/TTS_IP_LITE/project_1\vivado.jou
#-----------------------------------------------------------
start_gui
open_project D:/study/Grade3/hardware/HardwareProject-main/TTS/TTS_IP_LITE/project_1/project_1.xpr
INFO: [Project 1-313] Project file moved from 'D:/study/Grade3/hardware/REAL/TTS/TTS_IP_LITE/project_1' since last save.
Scanning sources...
Finished scanning sources
INFO: [IP_Flow 19-234] Refreshing IP repositories
INFO: [IP_Flow 19-1700] Loaded user IP repository 'd:/study/Grade3/hardware/HardwareProject-main/IP/ip_repo'.
INFO: [IP_Flow 19-1700] Loaded user IP repository 'd:/study/Grade3/hardware/HardwareProject-main/IP_XFH'.
INFO: [IP_Flow 19-1700] Loaded user IP repository 'd:/study/Grade3/hardware/HardwareProject-main/IP_LZK'.
INFO: [IP_Flow 19-2313] Loaded Vivado IP repository 'D:/softwares/Vivado/Vivado/2015.2/data/ip'.
INFO: [Common 17-41] Interrupt caught. Command should exit soon.
INFO: [Common 17-344] 'open_project' was cancelled
exit
INFO: [Common 17-206] Exiting Vivado at Tue Jun 06 13:22:22 2023...
