16:39:45 INFO  : Launching XSDB server: xsdb.bat -s D:/softwares/Vivado/SDK/2015.2/scripts/xsdb/xsdb/xsdb-server.tcl
16:39:46 INFO  : XSDB server has started successfully.
16:39:46 INFO  : Processing command line option -hwspec D:/study/Grade3/hardware/REAL/TTS/TTS_IP_LITE/project_1/project_1.sdk/design_1_wrapper.hdf.
16:44:00 INFO  : Connected to target on host '127.0.0.1' and port '3121'.
16:44:00 INFO  : 'targets -set -filter {jtag_cable_name =~ "Digilent JTAG-HS1 210512180215" && level==0} -index 1' command is executed.
16:44:00 INFO  : 'fpga -state' command is executed.
16:44:00 INFO  : Connected to target on host '127.0.0.1' and port '3121'.
16:44:01 INFO  : 'targets -set -filter {name =~"APU" && jtag_cable_name =~ "Digilent JTAG-HS1 210512180215"} -index 0' command is executed.
16:44:05 INFO  : Mermory regions for PS have been updated.
16:44:05 INFO  : Sourcing of 'D:/study/Grade3/hardware/REAL/TTS/TTS_IP_LITE/project_1/project_1.sdk/design_1_wrapper_hw_platform_0/ps7_init.tcl' is done.
16:44:06 INFO  : 'targets -set -filter {name =~"APU" && jtag_cable_name =~ "Digilent JTAG-HS1 210512180215"} -index 0' command is executed.
16:44:06 INFO  : 'ps7_init' command is executed.
16:44:06 INFO  : 'ps7_post_config' command is executed.
16:44:07 INFO  : Context for processor 'ps7_cortexa9_0' is selected.
16:44:07 INFO  : Processor reset is completed for 'ps7_cortexa9_0'.
16:44:07 INFO  : Context for processor 'ps7_cortexa9_0' is selected.
16:44:08 INFO  : The application 'D:/study/Grade3/hardware/REAL/TTS/TTS_IP_LITE/project_1/project_1.sdk/top/Debug/top.elf' is downloaded to processor 'ps7_cortexa9_0'.
16:44:08 INFO  : ----------------XSDB Script----------------
connect -url tcp:127.0.0.1:3121
targets -set -filter {name =~"APU" && jtag_cable_name =~ "Digilent JTAG-HS1 210512180215"} -index 0
memmap -addr 1136852992 -size 65536 -flags 3
memmap -addr 1136918528 -size 65536 -flags 3
memmap -addr 1136787456 -size 65536 -flags 3
memmap -addr 1136984064 -size 65536 -flags 3
memmap -addr 1137049600 -size 65536 -flags 3
memmap -addr 1136721920 -size 65536 -flags 3
memmap -addr 1137115136 -size 65536 -flags 3
memmap -addr 1137180672 -size 65536 -flags 3
memmap -addr 1136656384 -size 65536 -flags 3
memmap -addr 4160782336 -size 4096 -flags 3
memmap -addr 4160786432 -size 4096 -flags 3
memmap -addr 4160790528 -size 4096 -flags 3
memmap -addr 4160794624 -size 4096 -flags 3
memmap -addr 4169138176 -size 1048576 -flags 3
memmap -addr 1048576 -size 535822336 -flags 3
memmap -addr 4160774144 -size 4096 -flags 3
memmap -addr 4160778240 -size 256 -flags 3
memmap -addr 4160765952 -size 4096 -flags 3
memmap -addr 4160761856 -size 4096 -flags 3
memmap -addr 3758141440 -size 4096 -flags 3
memmap -addr 4176478720 -size 256 -flags 3
memmap -addr 3758137344 -size 4096 -flags 3
memmap -addr 4170186752 -size 1048576 -flags 3
memmap -addr 4176482304 -size 4096 -flags 3
memmap -addr 3760193536 -size 4096 -flags 3
memmap -addr 4176486400 -size 4096 -flags 3
memmap -addr 4160798720 -size 4096 -flags 3
memmap -addr 4176486400 -size 4096 -flags 3
memmap -addr 4169732096 -size 4096 -flags 3
memmap -addr 3758149632 -size 4096 -flags 3
memmap -addr 4227858432 -size 16777216 -flags 3
memmap -addr 0 -size 196608 -flags 3
memmap -addr 4294901760 -size 65024 -flags 3
memmap -addr 4176478208 -size 253 -flags 3
memmap -addr 4176482304 -size 4096 -flags 3
memmap -addr 4176479744 -size 32 -flags 3
memmap -addr 4176479776 -size 224 -flags 3
memmap -addr 3759144960 -size 4096 -flags 3
memmap -addr 4160749568 -size 4096 -flags 3
memmap -addr 4160753664 -size 4096 -flags 3
memmap -addr 3758100480 -size 4096 -flags 3
memmap -addr 3758104576 -size 4096 -flags 3
memmap -addr 4160778496 -size 33 -flags 3
source D:/study/Grade3/hardware/REAL/TTS/TTS_IP_LITE/project_1/project_1.sdk/design_1_wrapper_hw_platform_0/ps7_init.tcl
targets -set -filter {name =~"APU" && jtag_cable_name =~ "Digilent JTAG-HS1 210512180215"} -index 0
ps7_init
ps7_post_config
targets -set -nocase -filter {name =~ "ARM*#0" && jtag_cable_name =~ "Digilent JTAG-HS1 210512180215"} -index 0
rst -processor
targets -set -nocase -filter {name =~ "ARM*#0" && jtag_cable_name =~ "Digilent JTAG-HS1 210512180215"} -index 0
dow D:/study/Grade3/hardware/REAL/TTS/TTS_IP_LITE/project_1/project_1.sdk/top/Debug/top.elf
----------------End of Script----------------

16:44:08 INFO  : Memory regions updated for context APU
16:44:08 INFO  : Context for processor 'ps7_cortexa9_0' is selected.
16:44:08 INFO  : 'con' command is executed.
16:44:08 INFO  : ----------------XSDB Script (After Launch)----------------
targets -set -nocase -filter {name =~ "ARM*#0" && jtag_cable_name =~ "Digilent JTAG-HS1 210512180215"} -index 0
con
----------------End of Script----------------

16:44:18 INFO  : Disconnected from the channel tcfchan#1.
16:44:19 INFO  : Connected to target on host '127.0.0.1' and port '3121'.
16:44:19 INFO  : 'targets -set -filter {jtag_cable_name =~ "Digilent JTAG-HS1 210512180215" && level==0} -index 1' command is executed.
16:44:19 INFO  : 'fpga -state' command is executed.
16:44:19 INFO  : Connected to target on host '127.0.0.1' and port '3121'.
16:44:19 INFO  : 'targets -set -filter {name =~"APU" && jtag_cable_name =~ "Digilent JTAG-HS1 210512180215"} -index 0' command is executed.
16:44:24 INFO  : Mermory regions for PS have been updated.
16:44:24 INFO  : Sourcing of 'D:/study/Grade3/hardware/REAL/TTS/TTS_IP_LITE/project_1/project_1.sdk/design_1_wrapper_hw_platform_0/ps7_init.tcl' is done.
16:44:24 INFO  : 'targets -set -filter {name =~"APU" && jtag_cable_name =~ "Digilent JTAG-HS1 210512180215"} -index 0' command is executed.
16:44:25 INFO  : 'ps7_init' command is executed.
16:44:25 INFO  : 'ps7_post_config' command is executed.
16:44:25 INFO  : Context for processor 'ps7_cortexa9_0' is selected.
16:44:25 INFO  : Processor reset is completed for 'ps7_cortexa9_0'.
16:44:26 INFO  : Context for processor 'ps7_cortexa9_0' is selected.
16:44:26 INFO  : The application 'D:/study/Grade3/hardware/REAL/TTS/TTS_IP_LITE/project_1/project_1.sdk/top/Debug/top.elf' is downloaded to processor 'ps7_cortexa9_0'.
16:44:26 INFO  : ----------------XSDB Script----------------
connect -url tcp:127.0.0.1:3121
targets -set -filter {name =~"APU" && jtag_cable_name =~ "Digilent JTAG-HS1 210512180215"} -index 0
memmap -addr 1136852992 -size 65536 -flags 3
memmap -addr 1136918528 -size 65536 -flags 3
memmap -addr 1136787456 -size 65536 -flags 3
memmap -addr 1136984064 -size 65536 -flags 3
memmap -addr 1137049600 -size 65536 -flags 3
memmap -addr 1136721920 -size 65536 -flags 3
memmap -addr 1137115136 -size 65536 -flags 3
memmap -addr 1137180672 -size 65536 -flags 3
memmap -addr 1136656384 -size 65536 -flags 3
memmap -addr 4160782336 -size 4096 -flags 3
memmap -addr 4160786432 -size 4096 -flags 3
memmap -addr 4160790528 -size 4096 -flags 3
memmap -addr 4160794624 -size 4096 -flags 3
memmap -addr 4169138176 -size 1048576 -flags 3
memmap -addr 1048576 -size 535822336 -flags 3
memmap -addr 4160774144 -size 4096 -flags 3
memmap -addr 4160778240 -size 256 -flags 3
memmap -addr 4160765952 -size 4096 -flags 3
memmap -addr 4160761856 -size 4096 -flags 3
memmap -addr 3758141440 -size 4096 -flags 3
memmap -addr 4176478720 -size 256 -flags 3
memmap -addr 3758137344 -size 4096 -flags 3
memmap -addr 4170186752 -size 1048576 -flags 3
memmap -addr 4176482304 -size 4096 -flags 3
memmap -addr 3760193536 -size 4096 -flags 3
memmap -addr 4176486400 -size 4096 -flags 3
memmap -addr 4160798720 -size 4096 -flags 3
memmap -addr 4176486400 -size 4096 -flags 3
memmap -addr 4169732096 -size 4096 -flags 3
memmap -addr 3758149632 -size 4096 -flags 3
memmap -addr 4227858432 -size 16777216 -flags 3
memmap -addr 0 -size 196608 -flags 3
memmap -addr 4294901760 -size 65024 -flags 3
memmap -addr 4176478208 -size 253 -flags 3
memmap -addr 4176482304 -size 4096 -flags 3
memmap -addr 4176479744 -size 32 -flags 3
memmap -addr 4176479776 -size 224 -flags 3
memmap -addr 3759144960 -size 4096 -flags 3
memmap -addr 4160749568 -size 4096 -flags 3
memmap -addr 4160753664 -size 4096 -flags 3
memmap -addr 3758100480 -size 4096 -flags 3
memmap -addr 3758104576 -size 4096 -flags 3
memmap -addr 4160778496 -size 33 -flags 3
source D:/study/Grade3/hardware/REAL/TTS/TTS_IP_LITE/project_1/project_1.sdk/design_1_wrapper_hw_platform_0/ps7_init.tcl
targets -set -filter {name =~"APU" && jtag_cable_name =~ "Digilent JTAG-HS1 210512180215"} -index 0
ps7_init
ps7_post_config
targets -set -nocase -filter {name =~ "ARM*#0" && jtag_cable_name =~ "Digilent JTAG-HS1 210512180215"} -index 0
rst -processor
targets -set -nocase -filter {name =~ "ARM*#0" && jtag_cable_name =~ "Digilent JTAG-HS1 210512180215"} -index 0
dow D:/study/Grade3/hardware/REAL/TTS/TTS_IP_LITE/project_1/project_1.sdk/top/Debug/top.elf
----------------End of Script----------------

16:44:26 INFO  : Memory regions updated for context APU
16:44:26 INFO  : Context for processor 'ps7_cortexa9_0' is selected.
16:44:26 INFO  : 'con' command is executed.
16:44:26 INFO  : ----------------XSDB Script (After Launch)----------------
targets -set -nocase -filter {name =~ "ARM*#0" && jtag_cable_name =~ "Digilent JTAG-HS1 210512180215"} -index 0
con
----------------End of Script----------------

16:45:53 INFO  : Disconnected from the channel tcfchan#2.
16:46:32 INFO  : Connected to target on host '127.0.0.1' and port '3121'.
16:46:32 INFO  : 'targets -set -filter {jtag_cable_name =~ "Digilent JTAG-HS1 210512180215" && level==0} -index 1' command is executed.
16:46:32 INFO  : 'fpga -state' command is executed.
16:46:32 INFO  : Connected to target on host '127.0.0.1' and port '3121'.
16:46:33 INFO  : 'targets -set -filter {name =~"APU" && jtag_cable_name =~ "Digilent JTAG-HS1 210512180215"} -index 0' command is executed.
16:46:37 INFO  : Mermory regions for PS have been updated.
16:46:38 INFO  : Sourcing of 'D:/study/Grade3/hardware/REAL/TTS/TTS_IP_LITE/project_1/project_1.sdk/design_1_wrapper_hw_platform_0/ps7_init.tcl' is done.
16:46:38 INFO  : 'targets -set -filter {name =~"APU" && jtag_cable_name =~ "Digilent JTAG-HS1 210512180215"} -index 0' command is executed.
16:46:38 INFO  : 'ps7_init' command is executed.
16:46:38 INFO  : 'ps7_post_config' command is executed.
16:46:39 INFO  : Context for processor 'ps7_cortexa9_0' is selected.
16:46:39 INFO  : Processor reset is completed for 'ps7_cortexa9_0'.
16:46:39 INFO  : Context for processor 'ps7_cortexa9_0' is selected.
16:46:40 INFO  : The application 'D:/study/Grade3/hardware/REAL/TTS/TTS_IP_LITE/project_1/project_1.sdk/top/Debug/top.elf' is downloaded to processor 'ps7_cortexa9_0'.
16:46:40 INFO  : ----------------XSDB Script----------------
connect -url tcp:127.0.0.1:3121
targets -set -filter {name =~"APU" && jtag_cable_name =~ "Digilent JTAG-HS1 210512180215"} -index 0
memmap -addr 1136852992 -size 65536 -flags 3
memmap -addr 1136918528 -size 65536 -flags 3
memmap -addr 1136787456 -size 65536 -flags 3
memmap -addr 1136984064 -size 65536 -flags 3
memmap -addr 1137049600 -size 65536 -flags 3
memmap -addr 1136721920 -size 65536 -flags 3
memmap -addr 1137115136 -size 65536 -flags 3
memmap -addr 1137180672 -size 65536 -flags 3
memmap -addr 1136656384 -size 65536 -flags 3
memmap -addr 4160782336 -size 4096 -flags 3
memmap -addr 4160786432 -size 4096 -flags 3
memmap -addr 4160790528 -size 4096 -flags 3
memmap -addr 4160794624 -size 4096 -flags 3
memmap -addr 4169138176 -size 1048576 -flags 3
memmap -addr 1048576 -size 535822336 -flags 3
memmap -addr 4160774144 -size 4096 -flags 3
memmap -addr 4160778240 -size 256 -flags 3
memmap -addr 4160765952 -size 4096 -flags 3
memmap -addr 4160761856 -size 4096 -flags 3
memmap -addr 3758141440 -size 4096 -flags 3
memmap -addr 4176478720 -size 256 -flags 3
memmap -addr 3758137344 -size 4096 -flags 3
memmap -addr 4170186752 -size 1048576 -flags 3
memmap -addr 4176482304 -size 4096 -flags 3
memmap -addr 3760193536 -size 4096 -flags 3
memmap -addr 4176486400 -size 4096 -flags 3
memmap -addr 4160798720 -size 4096 -flags 3
memmap -addr 4176486400 -size 4096 -flags 3
memmap -addr 4169732096 -size 4096 -flags 3
memmap -addr 3758149632 -size 4096 -flags 3
memmap -addr 4227858432 -size 16777216 -flags 3
memmap -addr 0 -size 196608 -flags 3
memmap -addr 4294901760 -size 65024 -flags 3
memmap -addr 4176478208 -size 253 -flags 3
memmap -addr 4176482304 -size 4096 -flags 3
memmap -addr 4176479744 -size 32 -flags 3
memmap -addr 4176479776 -size 224 -flags 3
memmap -addr 3759144960 -size 4096 -flags 3
memmap -addr 4160749568 -size 4096 -flags 3
memmap -addr 4160753664 -size 4096 -flags 3
memmap -addr 3758100480 -size 4096 -flags 3
memmap -addr 3758104576 -size 4096 -flags 3
memmap -addr 4160778496 -size 33 -flags 3
source D:/study/Grade3/hardware/REAL/TTS/TTS_IP_LITE/project_1/project_1.sdk/design_1_wrapper_hw_platform_0/ps7_init.tcl
targets -set -filter {name =~"APU" && jtag_cable_name =~ "Digilent JTAG-HS1 210512180215"} -index 0
ps7_init
ps7_post_config
targets -set -nocase -filter {name =~ "ARM*#0" && jtag_cable_name =~ "Digilent JTAG-HS1 210512180215"} -index 0
rst -processor
targets -set -nocase -filter {name =~ "ARM*#0" && jtag_cable_name =~ "Digilent JTAG-HS1 210512180215"} -index 0
dow D:/study/Grade3/hardware/REAL/TTS/TTS_IP_LITE/project_1/project_1.sdk/top/Debug/top.elf
----------------End of Script----------------

16:46:40 INFO  : Memory regions updated for context APU
16:46:40 INFO  : Context for processor 'ps7_cortexa9_0' is selected.
16:46:40 INFO  : 'con' command is executed.
16:46:40 INFO  : ----------------XSDB Script (After Launch)----------------
targets -set -nocase -filter {name =~ "ARM*#0" && jtag_cable_name =~ "Digilent JTAG-HS1 210512180215"} -index 0
con
----------------End of Script----------------

16:54:22 INFO  : Disconnected from the channel tcfchan#3.
16:54:23 INFO  : Connected to target on host '127.0.0.1' and port '3121'.
16:54:23 INFO  : 'targets -set -filter {jtag_cable_name =~ "Digilent JTAG-HS1 210512180215" && level==0} -index 1' command is executed.
16:54:23 INFO  : 'fpga -state' command is executed.
16:54:23 INFO  : Connected to target on host '127.0.0.1' and port '3121'.
16:54:23 INFO  : 'targets -set -filter {name =~"APU" && jtag_cable_name =~ "Digilent JTAG-HS1 210512180215"} -index 0' command is executed.
16:54:28 INFO  : Mermory regions for PS have been updated.
16:54:28 INFO  : Sourcing of 'D:/study/Grade3/hardware/REAL/TTS/TTS_IP_LITE/project_1/project_1.sdk/design_1_wrapper_hw_platform_0/ps7_init.tcl' is done.
16:54:28 INFO  : 'targets -set -filter {name =~"APU" && jtag_cable_name =~ "Digilent JTAG-HS1 210512180215"} -index 0' command is executed.
16:54:29 INFO  : 'ps7_init' command is executed.
16:54:29 INFO  : 'ps7_post_config' command is executed.
16:54:29 INFO  : ----------------XSDB Script----------------
connect -url tcp:127.0.0.1:3121
targets -set -filter {name =~"APU" && jtag_cable_name =~ "Digilent JTAG-HS1 210512180215"} -index 0
memmap -addr 1136852992 -size 65536 -flags 3
memmap -addr 1136918528 -size 65536 -flags 3
memmap -addr 1136787456 -size 65536 -flags 3
memmap -addr 1136984064 -size 65536 -flags 3
memmap -addr 1137049600 -size 65536 -flags 3
memmap -addr 1136721920 -size 65536 -flags 3
memmap -addr 1137115136 -size 65536 -flags 3
memmap -addr 1137180672 -size 65536 -flags 3
memmap -addr 1136656384 -size 65536 -flags 3
memmap -addr 4160782336 -size 4096 -flags 3
memmap -addr 4160786432 -size 4096 -flags 3
memmap -addr 4160790528 -size 4096 -flags 3
memmap -addr 4160794624 -size 4096 -flags 3
memmap -addr 4169138176 -size 1048576 -flags 3
memmap -addr 1048576 -size 535822336 -flags 3
memmap -addr 4160774144 -size 4096 -flags 3
memmap -addr 4160778240 -size 256 -flags 3
memmap -addr 4160765952 -size 4096 -flags 3
memmap -addr 4160761856 -size 4096 -flags 3
memmap -addr 3758141440 -size 4096 -flags 3
memmap -addr 4176478720 -size 256 -flags 3
memmap -addr 3758137344 -size 4096 -flags 3
memmap -addr 4170186752 -size 1048576 -flags 3
memmap -addr 4176482304 -size 4096 -flags 3
memmap -addr 3760193536 -size 4096 -flags 3
memmap -addr 4176486400 -size 4096 -flags 3
memmap -addr 4160798720 -size 4096 -flags 3
memmap -addr 4176486400 -size 4096 -flags 3
memmap -addr 4169732096 -size 4096 -flags 3
memmap -addr 3758149632 -size 4096 -flags 3
memmap -addr 4227858432 -size 16777216 -flags 3
memmap -addr 0 -size 196608 -flags 3
memmap -addr 4294901760 -size 65024 -flags 3
memmap -addr 4176478208 -size 253 -flags 3
memmap -addr 4176482304 -size 4096 -flags 3
memmap -addr 4176479744 -size 32 -flags 3
memmap -addr 4176479776 -size 224 -flags 3
memmap -addr 3759144960 -size 4096 -flags 3
memmap -addr 4160749568 -size 4096 -flags 3
memmap -addr 4160753664 -size 4096 -flags 3
memmap -addr 3758100480 -size 4096 -flags 3
memmap -addr 3758104576 -size 4096 -flags 3
memmap -addr 4160778496 -size 33 -flags 3
source D:/study/Grade3/hardware/REAL/TTS/TTS_IP_LITE/project_1/project_1.sdk/design_1_wrapper_hw_platform_0/ps7_init.tcl
targets -set -filter {name =~"APU" && jtag_cable_name =~ "Digilent JTAG-HS1 210512180215"} -index 0
ps7_init
ps7_post_config
----------------End of Script----------------

16:54:29 INFO  : Memory regions updated for context APU
16:54:35 INFO  : Disconnected from the channel tcfchan#4.
16:55:41 INFO  : Connected to target on host '127.0.0.1' and port '3121'.
16:55:41 INFO  : 'targets -set -filter {jtag_cable_name =~ "Digilent JTAG-HS1 210512180215" && level==0} -index 1' command is executed.
16:55:41 INFO  : 'fpga -state' command is executed.
16:55:41 INFO  : Connected to target on host '127.0.0.1' and port '3121'.
16:55:42 INFO  : 'targets -set -filter {name =~"APU" && jtag_cable_name =~ "Digilent JTAG-HS1 210512180215"} -index 0' command is executed.
16:55:46 INFO  : Mermory regions for PS have been updated.
16:55:46 INFO  : Sourcing of 'D:/study/Grade3/hardware/REAL/TTS/TTS_IP_LITE/project_1/project_1.sdk/design_1_wrapper_hw_platform_0/ps7_init.tcl' is done.
16:55:47 INFO  : 'targets -set -filter {name =~"APU" && jtag_cable_name =~ "Digilent JTAG-HS1 210512180215"} -index 0' command is executed.
16:55:47 INFO  : 'ps7_init' command is executed.
16:55:47 INFO  : 'ps7_post_config' command is executed.
16:55:48 INFO  : Context for processor 'ps7_cortexa9_0' is selected.
16:55:48 INFO  : Processor reset is completed for 'ps7_cortexa9_0'.
16:55:48 INFO  : Context for processor 'ps7_cortexa9_0' is selected.
16:55:48 INFO  : The application 'D:/study/Grade3/hardware/REAL/TTS/TTS_IP_LITE/project_1/project_1.sdk/top/Debug/top.elf' is downloaded to processor 'ps7_cortexa9_0'.
16:55:48 INFO  : ----------------XSDB Script----------------
connect -url tcp:127.0.0.1:3121
targets -set -filter {name =~"APU" && jtag_cable_name =~ "Digilent JTAG-HS1 210512180215"} -index 0
memmap -addr 1136852992 -size 65536 -flags 3
memmap -addr 1136918528 -size 65536 -flags 3
memmap -addr 1136787456 -size 65536 -flags 3
memmap -addr 1136984064 -size 65536 -flags 3
memmap -addr 1137049600 -size 65536 -flags 3
memmap -addr 1136721920 -size 65536 -flags 3
memmap -addr 1137115136 -size 65536 -flags 3
memmap -addr 1137180672 -size 65536 -flags 3
memmap -addr 1136656384 -size 65536 -flags 3
memmap -addr 4160782336 -size 4096 -flags 3
memmap -addr 4160786432 -size 4096 -flags 3
memmap -addr 4160790528 -size 4096 -flags 3
memmap -addr 4160794624 -size 4096 -flags 3
memmap -addr 4169138176 -size 1048576 -flags 3
memmap -addr 1048576 -size 535822336 -flags 3
memmap -addr 4160774144 -size 4096 -flags 3
memmap -addr 4160778240 -size 256 -flags 3
memmap -addr 4160765952 -size 4096 -flags 3
memmap -addr 4160761856 -size 4096 -flags 3
memmap -addr 3758141440 -size 4096 -flags 3
memmap -addr 4176478720 -size 256 -flags 3
memmap -addr 3758137344 -size 4096 -flags 3
memmap -addr 4170186752 -size 1048576 -flags 3
memmap -addr 4176482304 -size 4096 -flags 3
memmap -addr 3760193536 -size 4096 -flags 3
memmap -addr 4176486400 -size 4096 -flags 3
memmap -addr 4160798720 -size 4096 -flags 3
memmap -addr 4176486400 -size 4096 -flags 3
memmap -addr 4169732096 -size 4096 -flags 3
memmap -addr 3758149632 -size 4096 -flags 3
memmap -addr 4227858432 -size 16777216 -flags 3
memmap -addr 0 -size 196608 -flags 3
memmap -addr 4294901760 -size 65024 -flags 3
memmap -addr 4176478208 -size 253 -flags 3
memmap -addr 4176482304 -size 4096 -flags 3
memmap -addr 4176479744 -size 32 -flags 3
memmap -addr 4176479776 -size 224 -flags 3
memmap -addr 3759144960 -size 4096 -flags 3
memmap -addr 4160749568 -size 4096 -flags 3
memmap -addr 4160753664 -size 4096 -flags 3
memmap -addr 3758100480 -size 4096 -flags 3
memmap -addr 3758104576 -size 4096 -flags 3
memmap -addr 4160778496 -size 33 -flags 3
source D:/study/Grade3/hardware/REAL/TTS/TTS_IP_LITE/project_1/project_1.sdk/design_1_wrapper_hw_platform_0/ps7_init.tcl
targets -set -filter {name =~"APU" && jtag_cable_name =~ "Digilent JTAG-HS1 210512180215"} -index 0
ps7_init
ps7_post_config
targets -set -nocase -filter {name =~ "ARM*#0" && jtag_cable_name =~ "Digilent JTAG-HS1 210512180215"} -index 0
rst -processor
targets -set -nocase -filter {name =~ "ARM*#0" && jtag_cable_name =~ "Digilent JTAG-HS1 210512180215"} -index 0
dow D:/study/Grade3/hardware/REAL/TTS/TTS_IP_LITE/project_1/project_1.sdk/top/Debug/top.elf
----------------End of Script----------------

16:55:49 INFO  : Memory regions updated for context APU
16:55:49 INFO  : Context for processor 'ps7_cortexa9_0' is selected.
16:55:49 INFO  : 'con' command is executed.
16:55:49 INFO  : ----------------XSDB Script (After Launch)----------------
targets -set -nocase -filter {name =~ "ARM*#0" && jtag_cable_name =~ "Digilent JTAG-HS1 210512180215"} -index 0
con
----------------End of Script----------------

16:59:30 INFO  : Disconnected from the channel tcfchan#5.
16:59:38 INFO  : Connected to target on host '127.0.0.1' and port '3121'.
16:59:38 INFO  : 'targets -set -filter {jtag_cable_name =~ "Digilent JTAG-HS1 210512180215" && level==0} -index 1' command is executed.
16:59:38 INFO  : 'fpga -state' command is executed.
16:59:38 INFO  : Connected to target on host '127.0.0.1' and port '3121'.
16:59:39 INFO  : 'targets -set -filter {name =~"APU" && jtag_cable_name =~ "Digilent JTAG-HS1 210512180215"} -index 0' command is executed.
16:59:43 INFO  : Mermory regions for PS have been updated.
16:59:44 INFO  : Sourcing of 'D:/study/Grade3/hardware/REAL/TTS/TTS_IP_LITE/project_1/project_1.sdk/design_1_wrapper_hw_platform_0/ps7_init.tcl' is done.
16:59:44 INFO  : 'targets -set -filter {name =~"APU" && jtag_cable_name =~ "Digilent JTAG-HS1 210512180215"} -index 0' command is executed.
16:59:44 INFO  : 'ps7_init' command is executed.
16:59:44 INFO  : 'ps7_post_config' command is executed.
16:59:45 INFO  : Context for processor 'ps7_cortexa9_0' is selected.
16:59:45 INFO  : Processor reset is completed for 'ps7_cortexa9_0'.
16:59:45 INFO  : Context for processor 'ps7_cortexa9_0' is selected.
16:59:46 INFO  : The application 'D:/study/Grade3/hardware/REAL/TTS/TTS_IP_LITE/project_1/project_1.sdk/top/Debug/top.elf' is downloaded to processor 'ps7_cortexa9_0'.
16:59:46 INFO  : ----------------XSDB Script----------------
connect -url tcp:127.0.0.1:3121
targets -set -filter {name =~"APU" && jtag_cable_name =~ "Digilent JTAG-HS1 210512180215"} -index 0
memmap -addr 1136852992 -size 65536 -flags 3
memmap -addr 1136918528 -size 65536 -flags 3
memmap -addr 1136787456 -size 65536 -flags 3
memmap -addr 1136984064 -size 65536 -flags 3
memmap -addr 1137049600 -size 65536 -flags 3
memmap -addr 1136721920 -size 65536 -flags 3
memmap -addr 1137115136 -size 65536 -flags 3
memmap -addr 1137180672 -size 65536 -flags 3
memmap -addr 1136656384 -size 65536 -flags 3
memmap -addr 4160782336 -size 4096 -flags 3
memmap -addr 4160786432 -size 4096 -flags 3
memmap -addr 4160790528 -size 4096 -flags 3
memmap -addr 4160794624 -size 4096 -flags 3
memmap -addr 4169138176 -size 1048576 -flags 3
memmap -addr 1048576 -size 535822336 -flags 3
memmap -addr 4160774144 -size 4096 -flags 3
memmap -addr 4160778240 -size 256 -flags 3
memmap -addr 4160765952 -size 4096 -flags 3
memmap -addr 4160761856 -size 4096 -flags 3
memmap -addr 3758141440 -size 4096 -flags 3
memmap -addr 4176478720 -size 256 -flags 3
memmap -addr 3758137344 -size 4096 -flags 3
memmap -addr 4170186752 -size 1048576 -flags 3
memmap -addr 4176482304 -size 4096 -flags 3
memmap -addr 3760193536 -size 4096 -flags 3
memmap -addr 4176486400 -size 4096 -flags 3
memmap -addr 4160798720 -size 4096 -flags 3
memmap -addr 4176486400 -size 4096 -flags 3
memmap -addr 4169732096 -size 4096 -flags 3
memmap -addr 3758149632 -size 4096 -flags 3
memmap -addr 4227858432 -size 16777216 -flags 3
memmap -addr 0 -size 196608 -flags 3
memmap -addr 4294901760 -size 65024 -flags 3
memmap -addr 4176478208 -size 253 -flags 3
memmap -addr 4176482304 -size 4096 -flags 3
memmap -addr 4176479744 -size 32 -flags 3
memmap -addr 4176479776 -size 224 -flags 3
memmap -addr 3759144960 -size 4096 -flags 3
memmap -addr 4160749568 -size 4096 -flags 3
memmap -addr 4160753664 -size 4096 -flags 3
memmap -addr 3758100480 -size 4096 -flags 3
memmap -addr 3758104576 -size 4096 -flags 3
memmap -addr 4160778496 -size 33 -flags 3
source D:/study/Grade3/hardware/REAL/TTS/TTS_IP_LITE/project_1/project_1.sdk/design_1_wrapper_hw_platform_0/ps7_init.tcl
targets -set -filter {name =~"APU" && jtag_cable_name =~ "Digilent JTAG-HS1 210512180215"} -index 0
ps7_init
ps7_post_config
targets -set -nocase -filter {name =~ "ARM*#0" && jtag_cable_name =~ "Digilent JTAG-HS1 210512180215"} -index 0
rst -processor
targets -set -nocase -filter {name =~ "ARM*#0" && jtag_cable_name =~ "Digilent JTAG-HS1 210512180215"} -index 0
dow D:/study/Grade3/hardware/REAL/TTS/TTS_IP_LITE/project_1/project_1.sdk/top/Debug/top.elf
----------------End of Script----------------

16:59:46 INFO  : Memory regions updated for context APU
16:59:46 INFO  : Context for processor 'ps7_cortexa9_0' is selected.
16:59:46 INFO  : 'con' command is executed.
16:59:46 INFO  : ----------------XSDB Script (After Launch)----------------
targets -set -nocase -filter {name =~ "ARM*#0" && jtag_cable_name =~ "Digilent JTAG-HS1 210512180215"} -index 0
con
----------------End of Script----------------

17:03:06 INFO  : Disconnected from the channel tcfchan#6.
17:03:12 INFO  : Connected to target on host '127.0.0.1' and port '3121'.
17:03:12 INFO  : 'targets -set -filter {jtag_cable_name =~ "Digilent JTAG-HS1 210512180215" && level==0} -index 1' command is executed.
17:03:12 INFO  : 'fpga -state' command is executed.
17:03:12 INFO  : Connected to target on host '127.0.0.1' and port '3121'.
17:03:13 INFO  : 'targets -set -filter {name =~"APU" && jtag_cable_name =~ "Digilent JTAG-HS1 210512180215"} -index 0' command is executed.
17:03:17 INFO  : Mermory regions for PS have been updated.
17:03:18 INFO  : Sourcing of 'D:/study/Grade3/hardware/REAL/TTS/TTS_IP_LITE/project_1/project_1.sdk/design_1_wrapper_hw_platform_0/ps7_init.tcl' is done.
17:03:18 INFO  : 'targets -set -filter {name =~"APU" && jtag_cable_name =~ "Digilent JTAG-HS1 210512180215"} -index 0' command is executed.
17:03:18 INFO  : 'ps7_init' command is executed.
17:03:19 INFO  : 'ps7_post_config' command is executed.
17:03:19 INFO  : Context for processor 'ps7_cortexa9_0' is selected.
17:03:19 INFO  : Processor reset is completed for 'ps7_cortexa9_0'.
17:03:19 INFO  : Context for processor 'ps7_cortexa9_0' is selected.
17:03:20 INFO  : The application 'D:/study/Grade3/hardware/REAL/TTS/TTS_IP_LITE/project_1/project_1.sdk/top/Debug/top.elf' is downloaded to processor 'ps7_cortexa9_0'.
17:03:20 INFO  : ----------------XSDB Script----------------
connect -url tcp:127.0.0.1:3121
targets -set -filter {name =~"APU" && jtag_cable_name =~ "Digilent JTAG-HS1 210512180215"} -index 0
memmap -addr 1136852992 -size 65536 -flags 3
memmap -addr 1136918528 -size 65536 -flags 3
memmap -addr 1136787456 -size 65536 -flags 3
memmap -addr 1136984064 -size 65536 -flags 3
memmap -addr 1137049600 -size 65536 -flags 3
memmap -addr 1136721920 -size 65536 -flags 3
memmap -addr 1137115136 -size 65536 -flags 3
memmap -addr 1137180672 -size 65536 -flags 3
memmap -addr 1136656384 -size 65536 -flags 3
memmap -addr 4160782336 -size 4096 -flags 3
memmap -addr 4160786432 -size 4096 -flags 3
memmap -addr 4160790528 -size 4096 -flags 3
memmap -addr 4160794624 -size 4096 -flags 3
memmap -addr 4169138176 -size 1048576 -flags 3
memmap -addr 1048576 -size 535822336 -flags 3
memmap -addr 4160774144 -size 4096 -flags 3
memmap -addr 4160778240 -size 256 -flags 3
memmap -addr 4160765952 -size 4096 -flags 3
memmap -addr 4160761856 -size 4096 -flags 3
memmap -addr 3758141440 -size 4096 -flags 3
memmap -addr 4176478720 -size 256 -flags 3
memmap -addr 3758137344 -size 4096 -flags 3
memmap -addr 4170186752 -size 1048576 -flags 3
memmap -addr 4176482304 -size 4096 -flags 3
memmap -addr 3760193536 -size 4096 -flags 3
memmap -addr 4176486400 -size 4096 -flags 3
memmap -addr 4160798720 -size 4096 -flags 3
memmap -addr 4176486400 -size 4096 -flags 3
memmap -addr 4169732096 -size 4096 -flags 3
memmap -addr 3758149632 -size 4096 -flags 3
memmap -addr 4227858432 -size 16777216 -flags 3
memmap -addr 0 -size 196608 -flags 3
memmap -addr 4294901760 -size 65024 -flags 3
memmap -addr 4176478208 -size 253 -flags 3
memmap -addr 4176482304 -size 4096 -flags 3
memmap -addr 4176479744 -size 32 -flags 3
memmap -addr 4176479776 -size 224 -flags 3
memmap -addr 3759144960 -size 4096 -flags 3
memmap -addr 4160749568 -size 4096 -flags 3
memmap -addr 4160753664 -size 4096 -flags 3
memmap -addr 3758100480 -size 4096 -flags 3
memmap -addr 3758104576 -size 4096 -flags 3
memmap -addr 4160778496 -size 33 -flags 3
source D:/study/Grade3/hardware/REAL/TTS/TTS_IP_LITE/project_1/project_1.sdk/design_1_wrapper_hw_platform_0/ps7_init.tcl
targets -set -filter {name =~"APU" && jtag_cable_name =~ "Digilent JTAG-HS1 210512180215"} -index 0
ps7_init
ps7_post_config
targets -set -nocase -filter {name =~ "ARM*#0" && jtag_cable_name =~ "Digilent JTAG-HS1 210512180215"} -index 0
rst -processor
targets -set -nocase -filter {name =~ "ARM*#0" && jtag_cable_name =~ "Digilent JTAG-HS1 210512180215"} -index 0
dow D:/study/Grade3/hardware/REAL/TTS/TTS_IP_LITE/project_1/project_1.sdk/top/Debug/top.elf
----------------End of Script----------------

17:03:20 INFO  : Memory regions updated for context APU
17:03:20 INFO  : Context for processor 'ps7_cortexa9_0' is selected.
17:03:20 INFO  : 'con' command is executed.
17:03:20 INFO  : ----------------XSDB Script (After Launch)----------------
targets -set -nocase -filter {name =~ "ARM*#0" && jtag_cable_name =~ "Digilent JTAG-HS1 210512180215"} -index 0
con
----------------End of Script----------------

17:07:08 INFO  : Disconnected from the channel tcfchan#7.
17:07:12 ERROR : Unexpected error while parsing XMD response ?: com.google.gson.JsonSyntaxException: com.google.gson.stream.MalformedJsonException: invalid number or unquoted string near 
17:07:54 INFO  : Launching XSDB server: xsdb.bat -s D:/softwares/Vivado/SDK/2015.2/scripts/xsdb/xsdb/xsdb-server.tcl
17:07:55 INFO  : XSDB server has started successfully.
17:07:56 INFO  : Processing command line option -hwspec D:/study/Grade3/hardware/REAL/TTS/TTS_IP_LITE/project_1/project_1.sdk/design_1_wrapper.hdf.
17:07:58 INFO  : Checking for hwspec changes in the project design_1_wrapper_hw_platform_0.
17:08:08 INFO  : Connected to target on host '127.0.0.1' and port '3121'.
17:08:08 INFO  : 'targets -set -filter {jtag_cable_name =~ "Digilent JTAG-HS1 210512180215" && level==0} -index 1' command is executed.
17:08:08 INFO  : 'fpga -state' command is executed.
17:08:08 INFO  : Connected to target on host '127.0.0.1' and port '3121'.
17:08:09 INFO  : 'targets -set -filter {name =~"APU" && jtag_cable_name =~ "Digilent JTAG-HS1 210512180215"} -index 0' command is executed.
17:08:13 INFO  : Mermory regions for PS have been updated.
17:08:13 INFO  : Sourcing of 'D:/study/Grade3/hardware/REAL/TTS/TTS_IP_LITE/project_1/project_1.sdk/design_1_wrapper_hw_platform_0/ps7_init.tcl' is done.
17:08:14 INFO  : 'targets -set -filter {name =~"APU" && jtag_cable_name =~ "Digilent JTAG-HS1 210512180215"} -index 0' command is executed.
17:08:14 INFO  : 'ps7_init' command is executed.
17:08:14 INFO  : 'ps7_post_config' command is executed.
17:08:15 INFO  : Context for processor 'ps7_cortexa9_0' is selected.
17:08:15 INFO  : Processor reset is completed for 'ps7_cortexa9_0'.
17:08:15 INFO  : Context for processor 'ps7_cortexa9_0' is selected.
17:08:15 INFO  : The application 'D:/study/Grade3/hardware/REAL/TTS/TTS_IP_LITE/project_1/project_1.sdk/top/Debug/top.elf' is downloaded to processor 'ps7_cortexa9_0'.
17:08:15 INFO  : ----------------XSDB Script----------------
connect -url tcp:127.0.0.1:3121
targets -set -filter {name =~"APU" && jtag_cable_name =~ "Digilent JTAG-HS1 210512180215"} -index 0
memmap -addr 1136852992 -size 65536 -flags 3
memmap -addr 1136918528 -size 65536 -flags 3
memmap -addr 1136787456 -size 65536 -flags 3
memmap -addr 1136984064 -size 65536 -flags 3
memmap -addr 1137049600 -size 65536 -flags 3
memmap -addr 1136721920 -size 65536 -flags 3
memmap -addr 1137115136 -size 65536 -flags 3
memmap -addr 1137180672 -size 65536 -flags 3
memmap -addr 1136656384 -size 65536 -flags 3
memmap -addr 4160782336 -size 4096 -flags 3
memmap -addr 4160786432 -size 4096 -flags 3
memmap -addr 4160790528 -size 4096 -flags 3
memmap -addr 4160794624 -size 4096 -flags 3
memmap -addr 4169138176 -size 1048576 -flags 3
memmap -addr 1048576 -size 535822336 -flags 3
memmap -addr 4160774144 -size 4096 -flags 3
memmap -addr 4160778240 -size 256 -flags 3
memmap -addr 4160765952 -size 4096 -flags 3
memmap -addr 4160761856 -size 4096 -flags 3
memmap -addr 3758141440 -size 4096 -flags 3
memmap -addr 4176478720 -size 256 -flags 3
memmap -addr 3758137344 -size 4096 -flags 3
memmap -addr 4170186752 -size 1048576 -flags 3
memmap -addr 4176482304 -size 4096 -flags 3
memmap -addr 3760193536 -size 4096 -flags 3
memmap -addr 4176486400 -size 4096 -flags 3
memmap -addr 4160798720 -size 4096 -flags 3
memmap -addr 4176486400 -size 4096 -flags 3
memmap -addr 4169732096 -size 4096 -flags 3
memmap -addr 3758149632 -size 4096 -flags 3
memmap -addr 4227858432 -size 16777216 -flags 3
memmap -addr 0 -size 196608 -flags 3
memmap -addr 4294901760 -size 65024 -flags 3
memmap -addr 4176478208 -size 253 -flags 3
memmap -addr 4176482304 -size 4096 -flags 3
memmap -addr 4176479744 -size 32 -flags 3
memmap -addr 4176479776 -size 224 -flags 3
memmap -addr 3759144960 -size 4096 -flags 3
memmap -addr 4160749568 -size 4096 -flags 3
memmap -addr 4160753664 -size 4096 -flags 3
memmap -addr 3758100480 -size 4096 -flags 3
memmap -addr 3758104576 -size 4096 -flags 3
memmap -addr 4160778496 -size 33 -flags 3
source D:/study/Grade3/hardware/REAL/TTS/TTS_IP_LITE/project_1/project_1.sdk/design_1_wrapper_hw_platform_0/ps7_init.tcl
targets -set -filter {name =~"APU" && jtag_cable_name =~ "Digilent JTAG-HS1 210512180215"} -index 0
ps7_init
ps7_post_config
targets -set -nocase -filter {name =~ "ARM*#0" && jtag_cable_name =~ "Digilent JTAG-HS1 210512180215"} -index 0
rst -processor
targets -set -nocase -filter {name =~ "ARM*#0" && jtag_cable_name =~ "Digilent JTAG-HS1 210512180215"} -index 0
dow D:/study/Grade3/hardware/REAL/TTS/TTS_IP_LITE/project_1/project_1.sdk/top/Debug/top.elf
----------------End of Script----------------

17:08:15 INFO  : Memory regions updated for context APU
17:08:16 INFO  : Context for processor 'ps7_cortexa9_0' is selected.
17:08:16 INFO  : 'con' command is executed.
17:08:16 INFO  : ----------------XSDB Script (After Launch)----------------
targets -set -nocase -filter {name =~ "ARM*#0" && jtag_cable_name =~ "Digilent JTAG-HS1 210512180215"} -index 0
con
----------------End of Script----------------

17:11:51 INFO  : Disconnected from the channel tcfchan#1.
17:11:51 INFO  : Connected to target on host '127.0.0.1' and port '3121'.
17:11:51 INFO  : 'targets -set -filter {jtag_cable_name =~ "Digilent JTAG-HS1 210512180215" && level==0} -index 1' command is executed.
17:11:51 INFO  : 'fpga -state' command is executed.
17:11:51 INFO  : Connected to target on host '127.0.0.1' and port '3121'.
17:11:52 INFO  : 'targets -set -filter {name =~"APU" && jtag_cable_name =~ "Digilent JTAG-HS1 210512180215"} -index 0' command is executed.
17:11:56 INFO  : Mermory regions for PS have been updated.
17:11:56 INFO  : Sourcing of 'D:/study/Grade3/hardware/REAL/TTS/TTS_IP_LITE/project_1/project_1.sdk/design_1_wrapper_hw_platform_0/ps7_init.tcl' is done.
17:11:57 INFO  : 'targets -set -filter {name =~"APU" && jtag_cable_name =~ "Digilent JTAG-HS1 210512180215"} -index 0' command is executed.
17:11:57 INFO  : 'ps7_init' command is executed.
17:11:57 INFO  : 'ps7_post_config' command is executed.
17:11:58 INFO  : Context for processor 'ps7_cortexa9_0' is selected.
17:11:58 INFO  : Processor reset is completed for 'ps7_cortexa9_0'.
17:11:58 INFO  : Context for processor 'ps7_cortexa9_0' is selected.
17:11:59 INFO  : The application 'D:/study/Grade3/hardware/REAL/TTS/TTS_IP_LITE/project_1/project_1.sdk/top/Debug/top.elf' is downloaded to processor 'ps7_cortexa9_0'.
17:11:59 INFO  : ----------------XSDB Script----------------
connect -url tcp:127.0.0.1:3121
targets -set -filter {name =~"APU" && jtag_cable_name =~ "Digilent JTAG-HS1 210512180215"} -index 0
memmap -addr 1136852992 -size 65536 -flags 3
memmap -addr 1136918528 -size 65536 -flags 3
memmap -addr 1136787456 -size 65536 -flags 3
memmap -addr 1136984064 -size 65536 -flags 3
memmap -addr 1137049600 -size 65536 -flags 3
memmap -addr 1136721920 -size 65536 -flags 3
memmap -addr 1137115136 -size 65536 -flags 3
memmap -addr 1137180672 -size 65536 -flags 3
memmap -addr 1136656384 -size 65536 -flags 3
memmap -addr 4160782336 -size 4096 -flags 3
memmap -addr 4160786432 -size 4096 -flags 3
memmap -addr 4160790528 -size 4096 -flags 3
memmap -addr 4160794624 -size 4096 -flags 3
memmap -addr 4169138176 -size 1048576 -flags 3
memmap -addr 1048576 -size 535822336 -flags 3
memmap -addr 4160774144 -size 4096 -flags 3
memmap -addr 4160778240 -size 256 -flags 3
memmap -addr 4160765952 -size 4096 -flags 3
memmap -addr 4160761856 -size 4096 -flags 3
memmap -addr 3758141440 -size 4096 -flags 3
memmap -addr 4176478720 -size 256 -flags 3
memmap -addr 3758137344 -size 4096 -flags 3
memmap -addr 4170186752 -size 1048576 -flags 3
memmap -addr 4176482304 -size 4096 -flags 3
memmap -addr 3760193536 -size 4096 -flags 3
memmap -addr 4176486400 -size 4096 -flags 3
memmap -addr 4160798720 -size 4096 -flags 3
memmap -addr 4176486400 -size 4096 -flags 3
memmap -addr 4169732096 -size 4096 -flags 3
memmap -addr 3758149632 -size 4096 -flags 3
memmap -addr 4227858432 -size 16777216 -flags 3
memmap -addr 0 -size 196608 -flags 3
memmap -addr 4294901760 -size 65024 -flags 3
memmap -addr 4176478208 -size 253 -flags 3
memmap -addr 4176482304 -size 4096 -flags 3
memmap -addr 4176479744 -size 32 -flags 3
memmap -addr 4176479776 -size 224 -flags 3
memmap -addr 3759144960 -size 4096 -flags 3
memmap -addr 4160749568 -size 4096 -flags 3
memmap -addr 4160753664 -size 4096 -flags 3
memmap -addr 3758100480 -size 4096 -flags 3
memmap -addr 3758104576 -size 4096 -flags 3
memmap -addr 4160778496 -size 33 -flags 3
source D:/study/Grade3/hardware/REAL/TTS/TTS_IP_LITE/project_1/project_1.sdk/design_1_wrapper_hw_platform_0/ps7_init.tcl
targets -set -filter {name =~"APU" && jtag_cable_name =~ "Digilent JTAG-HS1 210512180215"} -index 0
ps7_init
ps7_post_config
targets -set -nocase -filter {name =~ "ARM*#0" && jtag_cable_name =~ "Digilent JTAG-HS1 210512180215"} -index 0
rst -processor
targets -set -nocase -filter {name =~ "ARM*#0" && jtag_cable_name =~ "Digilent JTAG-HS1 210512180215"} -index 0
dow D:/study/Grade3/hardware/REAL/TTS/TTS_IP_LITE/project_1/project_1.sdk/top/Debug/top.elf
----------------End of Script----------------

17:11:59 INFO  : Memory regions updated for context APU
17:11:59 INFO  : Context for processor 'ps7_cortexa9_0' is selected.
17:11:59 INFO  : 'con' command is executed.
17:11:59 INFO  : ----------------XSDB Script (After Launch)----------------
targets -set -nocase -filter {name =~ "ARM*#0" && jtag_cable_name =~ "Digilent JTAG-HS1 210512180215"} -index 0
con
----------------End of Script----------------

17:12:47 INFO  : Disconnected from the channel tcfchan#2.
17:12:47 INFO  : Connected to target on host '127.0.0.1' and port '3121'.
17:12:47 INFO  : 'targets -set -filter {jtag_cable_name =~ "Digilent JTAG-HS1 210512180215" && level==0} -index 1' command is executed.
17:12:47 INFO  : 'fpga -state' command is executed.
17:12:47 INFO  : Connected to target on host '127.0.0.1' and port '3121'.
17:12:48 INFO  : 'targets -set -filter {name =~"APU" && jtag_cable_name =~ "Digilent JTAG-HS1 210512180215"} -index 0' command is executed.
17:12:52 INFO  : Mermory regions for PS have been updated.
17:12:52 INFO  : Sourcing of 'D:/study/Grade3/hardware/REAL/TTS/TTS_IP_LITE/project_1/project_1.sdk/design_1_wrapper_hw_platform_0/ps7_init.tcl' is done.
17:12:53 INFO  : 'targets -set -filter {name =~"APU" && jtag_cable_name =~ "Digilent JTAG-HS1 210512180215"} -index 0' command is executed.
17:12:54 INFO  : 'ps7_init' command is executed.
17:12:54 INFO  : 'ps7_post_config' command is executed.
17:12:54 INFO  : Context for processor 'ps7_cortexa9_0' is selected.
17:12:54 INFO  : Processor reset is completed for 'ps7_cortexa9_0'.
17:12:55 INFO  : Context for processor 'ps7_cortexa9_0' is selected.
17:12:55 INFO  : The application 'D:/study/Grade3/hardware/REAL/TTS/TTS_IP_LITE/project_1/project_1.sdk/top/Debug/top.elf' is downloaded to processor 'ps7_cortexa9_0'.
17:12:55 INFO  : ----------------XSDB Script----------------
connect -url tcp:127.0.0.1:3121
targets -set -filter {name =~"APU" && jtag_cable_name =~ "Digilent JTAG-HS1 210512180215"} -index 0
memmap -addr 1136852992 -size 65536 -flags 3
memmap -addr 1136918528 -size 65536 -flags 3
memmap -addr 1136787456 -size 65536 -flags 3
memmap -addr 1136984064 -size 65536 -flags 3
memmap -addr 1137049600 -size 65536 -flags 3
memmap -addr 1136721920 -size 65536 -flags 3
memmap -addr 1137115136 -size 65536 -flags 3
memmap -addr 1137180672 -size 65536 -flags 3
memmap -addr 1136656384 -size 65536 -flags 3
memmap -addr 4160782336 -size 4096 -flags 3
memmap -addr 4160786432 -size 4096 -flags 3
memmap -addr 4160790528 -size 4096 -flags 3
memmap -addr 4160794624 -size 4096 -flags 3
memmap -addr 4169138176 -size 1048576 -flags 3
memmap -addr 1048576 -size 535822336 -flags 3
memmap -addr 4160774144 -size 4096 -flags 3
memmap -addr 4160778240 -size 256 -flags 3
memmap -addr 4160765952 -size 4096 -flags 3
memmap -addr 4160761856 -size 4096 -flags 3
memmap -addr 3758141440 -size 4096 -flags 3
memmap -addr 4176478720 -size 256 -flags 3
memmap -addr 3758137344 -size 4096 -flags 3
memmap -addr 4170186752 -size 1048576 -flags 3
memmap -addr 4176482304 -size 4096 -flags 3
memmap -addr 3760193536 -size 4096 -flags 3
memmap -addr 4176486400 -size 4096 -flags 3
memmap -addr 4160798720 -size 4096 -flags 3
memmap -addr 4176486400 -size 4096 -flags 3
memmap -addr 4169732096 -size 4096 -flags 3
memmap -addr 3758149632 -size 4096 -flags 3
memmap -addr 4227858432 -size 16777216 -flags 3
memmap -addr 0 -size 196608 -flags 3
memmap -addr 4294901760 -size 65024 -flags 3
memmap -addr 4176478208 -size 253 -flags 3
memmap -addr 4176482304 -size 4096 -flags 3
memmap -addr 4176479744 -size 32 -flags 3
memmap -addr 4176479776 -size 224 -flags 3
memmap -addr 3759144960 -size 4096 -flags 3
memmap -addr 4160749568 -size 4096 -flags 3
memmap -addr 4160753664 -size 4096 -flags 3
memmap -addr 3758100480 -size 4096 -flags 3
memmap -addr 3758104576 -size 4096 -flags 3
memmap -addr 4160778496 -size 33 -flags 3
source D:/study/Grade3/hardware/REAL/TTS/TTS_IP_LITE/project_1/project_1.sdk/design_1_wrapper_hw_platform_0/ps7_init.tcl
targets -set -filter {name =~"APU" && jtag_cable_name =~ "Digilent JTAG-HS1 210512180215"} -index 0
ps7_init
ps7_post_config
targets -set -nocase -filter {name =~ "ARM*#0" && jtag_cable_name =~ "Digilent JTAG-HS1 210512180215"} -index 0
rst -processor
targets -set -nocase -filter {name =~ "ARM*#0" && jtag_cable_name =~ "Digilent JTAG-HS1 210512180215"} -index 0
dow D:/study/Grade3/hardware/REAL/TTS/TTS_IP_LITE/project_1/project_1.sdk/top/Debug/top.elf
----------------End of Script----------------

17:12:55 INFO  : Memory regions updated for context APU
17:12:55 INFO  : Context for processor 'ps7_cortexa9_0' is selected.
17:12:55 INFO  : 'con' command is executed.
17:12:55 INFO  : ----------------XSDB Script (After Launch)----------------
targets -set -nocase -filter {name =~ "ARM*#0" && jtag_cable_name =~ "Digilent JTAG-HS1 210512180215"} -index 0
con
----------------End of Script----------------

17:15:49 INFO  : Disconnected from the channel tcfchan#3.
17:15:56 INFO  : Connected to target on host '127.0.0.1' and port '3121'.
17:15:56 INFO  : 'targets -set -filter {jtag_cable_name =~ "Digilent JTAG-HS1 210512180215" && level==0} -index 1' command is executed.
17:15:56 INFO  : 'fpga -state' command is executed.
17:15:56 INFO  : Connected to target on host '127.0.0.1' and port '3121'.
17:15:56 INFO  : 'targets -set -filter {name =~"APU" && jtag_cable_name =~ "Digilent JTAG-HS1 210512180215"} -index 0' command is executed.
17:16:01 INFO  : Mermory regions for PS have been updated.
17:16:01 INFO  : Sourcing of 'D:/study/Grade3/hardware/REAL/TTS/TTS_IP_LITE/project_1/project_1.sdk/design_1_wrapper_hw_platform_0/ps7_init.tcl' is done.
17:16:02 INFO  : 'targets -set -filter {name =~"APU" && jtag_cable_name =~ "Digilent JTAG-HS1 210512180215"} -index 0' command is executed.
17:16:02 INFO  : 'ps7_init' command is executed.
17:16:02 INFO  : 'ps7_post_config' command is executed.
17:16:02 INFO  : Context for processor 'ps7_cortexa9_0' is selected.
17:16:03 INFO  : Processor reset is completed for 'ps7_cortexa9_0'.
17:16:03 INFO  : Context for processor 'ps7_cortexa9_0' is selected.
17:16:03 INFO  : The application 'D:/study/Grade3/hardware/REAL/TTS/TTS_IP_LITE/project_1/project_1.sdk/top/Debug/top.elf' is downloaded to processor 'ps7_cortexa9_0'.
17:16:03 INFO  : ----------------XSDB Script----------------
connect -url tcp:127.0.0.1:3121
targets -set -filter {name =~"APU" && jtag_cable_name =~ "Digilent JTAG-HS1 210512180215"} -index 0
memmap -addr 1136852992 -size 65536 -flags 3
memmap -addr 1136918528 -size 65536 -flags 3
memmap -addr 1136787456 -size 65536 -flags 3
memmap -addr 1136984064 -size 65536 -flags 3
memmap -addr 1137049600 -size 65536 -flags 3
memmap -addr 1136721920 -size 65536 -flags 3
memmap -addr 1137115136 -size 65536 -flags 3
memmap -addr 1137180672 -size 65536 -flags 3
memmap -addr 1136656384 -size 65536 -flags 3
memmap -addr 4160782336 -size 4096 -flags 3
memmap -addr 4160786432 -size 4096 -flags 3
memmap -addr 4160790528 -size 4096 -flags 3
memmap -addr 4160794624 -size 4096 -flags 3
memmap -addr 4169138176 -size 1048576 -flags 3
memmap -addr 1048576 -size 535822336 -flags 3
memmap -addr 4160774144 -size 4096 -flags 3
memmap -addr 4160778240 -size 256 -flags 3
memmap -addr 4160765952 -size 4096 -flags 3
memmap -addr 4160761856 -size 4096 -flags 3
memmap -addr 3758141440 -size 4096 -flags 3
memmap -addr 4176478720 -size 256 -flags 3
memmap -addr 3758137344 -size 4096 -flags 3
memmap -addr 4170186752 -size 1048576 -flags 3
memmap -addr 4176482304 -size 4096 -flags 3
memmap -addr 3760193536 -size 4096 -flags 3
memmap -addr 4176486400 -size 4096 -flags 3
memmap -addr 4160798720 -size 4096 -flags 3
memmap -addr 4176486400 -size 4096 -flags 3
memmap -addr 4169732096 -size 4096 -flags 3
memmap -addr 3758149632 -size 4096 -flags 3
memmap -addr 4227858432 -size 16777216 -flags 3
memmap -addr 0 -size 196608 -flags 3
memmap -addr 4294901760 -size 65024 -flags 3
memmap -addr 4176478208 -size 253 -flags 3
memmap -addr 4176482304 -size 4096 -flags 3
memmap -addr 4176479744 -size 32 -flags 3
memmap -addr 4176479776 -size 224 -flags 3
memmap -addr 3759144960 -size 4096 -flags 3
memmap -addr 4160749568 -size 4096 -flags 3
memmap -addr 4160753664 -size 4096 -flags 3
memmap -addr 3758100480 -size 4096 -flags 3
memmap -addr 3758104576 -size 4096 -flags 3
memmap -addr 4160778496 -size 33 -flags 3
source D:/study/Grade3/hardware/REAL/TTS/TTS_IP_LITE/project_1/project_1.sdk/design_1_wrapper_hw_platform_0/ps7_init.tcl
targets -set -filter {name =~"APU" && jtag_cable_name =~ "Digilent JTAG-HS1 210512180215"} -index 0
ps7_init
ps7_post_config
targets -set -nocase -filter {name =~ "ARM*#0" && jtag_cable_name =~ "Digilent JTAG-HS1 210512180215"} -index 0
rst -processor
targets -set -nocase -filter {name =~ "ARM*#0" && jtag_cable_name =~ "Digilent JTAG-HS1 210512180215"} -index 0
dow D:/study/Grade3/hardware/REAL/TTS/TTS_IP_LITE/project_1/project_1.sdk/top/Debug/top.elf
----------------End of Script----------------

17:16:03 INFO  : Memory regions updated for context APU
17:16:03 INFO  : Context for processor 'ps7_cortexa9_0' is selected.
17:16:03 INFO  : 'con' command is executed.
17:16:03 INFO  : ----------------XSDB Script (After Launch)----------------
targets -set -nocase -filter {name =~ "ARM*#0" && jtag_cable_name =~ "Digilent JTAG-HS1 210512180215"} -index 0
con
----------------End of Script----------------

17:16:44 INFO  : Disconnected from the channel tcfchan#4.
17:16:45 INFO  : Connected to target on host '127.0.0.1' and port '3121'.
17:16:45 INFO  : 'targets -set -filter {jtag_cable_name =~ "Digilent JTAG-HS1 210512180215" && level==0} -index 1' command is executed.
17:16:45 INFO  : 'fpga -state' command is executed.
17:16:45 INFO  : Connected to target on host '127.0.0.1' and port '3121'.
17:16:45 INFO  : 'targets -set -filter {name =~"APU" && jtag_cable_name =~ "Digilent JTAG-HS1 210512180215"} -index 0' command is executed.
17:16:50 INFO  : Mermory regions for PS have been updated.
17:16:50 INFO  : Sourcing of 'D:/study/Grade3/hardware/REAL/TTS/TTS_IP_LITE/project_1/project_1.sdk/design_1_wrapper_hw_platform_0/ps7_init.tcl' is done.
17:16:50 INFO  : 'targets -set -filter {name =~"APU" && jtag_cable_name =~ "Digilent JTAG-HS1 210512180215"} -index 0' command is executed.
17:16:51 INFO  : 'ps7_init' command is executed.
17:16:51 INFO  : 'ps7_post_config' command is executed.
17:16:51 INFO  : Context for processor 'ps7_cortexa9_0' is selected.
17:16:52 INFO  : Processor reset is completed for 'ps7_cortexa9_0'.
17:16:52 INFO  : Context for processor 'ps7_cortexa9_0' is selected.
17:16:52 INFO  : The application 'D:/study/Grade3/hardware/REAL/TTS/TTS_IP_LITE/project_1/project_1.sdk/top/Debug/top.elf' is downloaded to processor 'ps7_cortexa9_0'.
17:16:52 INFO  : ----------------XSDB Script----------------
connect -url tcp:127.0.0.1:3121
targets -set -filter {name =~"APU" && jtag_cable_name =~ "Digilent JTAG-HS1 210512180215"} -index 0
memmap -addr 1136852992 -size 65536 -flags 3
memmap -addr 1136918528 -size 65536 -flags 3
memmap -addr 1136787456 -size 65536 -flags 3
memmap -addr 1136984064 -size 65536 -flags 3
memmap -addr 1137049600 -size 65536 -flags 3
memmap -addr 1136721920 -size 65536 -flags 3
memmap -addr 1137115136 -size 65536 -flags 3
memmap -addr 1137180672 -size 65536 -flags 3
memmap -addr 1136656384 -size 65536 -flags 3
memmap -addr 4160782336 -size 4096 -flags 3
memmap -addr 4160786432 -size 4096 -flags 3
memmap -addr 4160790528 -size 4096 -flags 3
memmap -addr 4160794624 -size 4096 -flags 3
memmap -addr 4169138176 -size 1048576 -flags 3
memmap -addr 1048576 -size 535822336 -flags 3
memmap -addr 4160774144 -size 4096 -flags 3
memmap -addr 4160778240 -size 256 -flags 3
memmap -addr 4160765952 -size 4096 -flags 3
memmap -addr 4160761856 -size 4096 -flags 3
memmap -addr 3758141440 -size 4096 -flags 3
memmap -addr 4176478720 -size 256 -flags 3
memmap -addr 3758137344 -size 4096 -flags 3
memmap -addr 4170186752 -size 1048576 -flags 3
memmap -addr 4176482304 -size 4096 -flags 3
memmap -addr 3760193536 -size 4096 -flags 3
memmap -addr 4176486400 -size 4096 -flags 3
memmap -addr 4160798720 -size 4096 -flags 3
memmap -addr 4176486400 -size 4096 -flags 3
memmap -addr 4169732096 -size 4096 -flags 3
memmap -addr 3758149632 -size 4096 -flags 3
memmap -addr 4227858432 -size 16777216 -flags 3
memmap -addr 0 -size 196608 -flags 3
memmap -addr 4294901760 -size 65024 -flags 3
memmap -addr 4176478208 -size 253 -flags 3
memmap -addr 4176482304 -size 4096 -flags 3
memmap -addr 4176479744 -size 32 -flags 3
memmap -addr 4176479776 -size 224 -flags 3
memmap -addr 3759144960 -size 4096 -flags 3
memmap -addr 4160749568 -size 4096 -flags 3
memmap -addr 4160753664 -size 4096 -flags 3
memmap -addr 3758100480 -size 4096 -flags 3
memmap -addr 3758104576 -size 4096 -flags 3
memmap -addr 4160778496 -size 33 -flags 3
source D:/study/Grade3/hardware/REAL/TTS/TTS_IP_LITE/project_1/project_1.sdk/design_1_wrapper_hw_platform_0/ps7_init.tcl
targets -set -filter {name =~"APU" && jtag_cable_name =~ "Digilent JTAG-HS1 210512180215"} -index 0
ps7_init
ps7_post_config
targets -set -nocase -filter {name =~ "ARM*#0" && jtag_cable_name =~ "Digilent JTAG-HS1 210512180215"} -index 0
rst -processor
targets -set -nocase -filter {name =~ "ARM*#0" && jtag_cable_name =~ "Digilent JTAG-HS1 210512180215"} -index 0
dow D:/study/Grade3/hardware/REAL/TTS/TTS_IP_LITE/project_1/project_1.sdk/top/Debug/top.elf
----------------End of Script----------------

17:16:52 INFO  : Memory regions updated for context APU
17:16:52 INFO  : Context for processor 'ps7_cortexa9_0' is selected.
17:16:52 INFO  : 'con' command is executed.
17:16:52 INFO  : ----------------XSDB Script (After Launch)----------------
targets -set -nocase -filter {name =~ "ARM*#0" && jtag_cable_name =~ "Digilent JTAG-HS1 210512180215"} -index 0
con
----------------End of Script----------------

17:16:55 INFO  : Disconnected from the channel tcfchan#5.
17:16:59 INFO  : Connected to target on host '127.0.0.1' and port '3121'.
17:16:59 INFO  : 'targets -set -filter {jtag_cable_name =~ "Digilent JTAG-HS1 210512180215" && level==0} -index 1' command is executed.
17:16:59 INFO  : 'fpga -state' command is executed.
17:16:59 INFO  : Connected to target on host '127.0.0.1' and port '3121'.
17:16:59 INFO  : 'targets -set -filter {name =~"APU" && jtag_cable_name =~ "Digilent JTAG-HS1 210512180215"} -index 0' command is executed.
17:17:04 INFO  : Mermory regions for PS have been updated.
17:17:04 INFO  : Sourcing of 'D:/study/Grade3/hardware/REAL/TTS/TTS_IP_LITE/project_1/project_1.sdk/design_1_wrapper_hw_platform_0/ps7_init.tcl' is done.
17:17:04 INFO  : 'targets -set -filter {name =~"APU" && jtag_cable_name =~ "Digilent JTAG-HS1 210512180215"} -index 0' command is executed.
17:17:05 INFO  : 'ps7_init' command is executed.
17:17:05 INFO  : 'ps7_post_config' command is executed.
17:17:05 INFO  : Context for processor 'ps7_cortexa9_0' is selected.
17:17:06 INFO  : Processor reset is completed for 'ps7_cortexa9_0'.
17:17:06 INFO  : Context for processor 'ps7_cortexa9_0' is selected.
17:17:06 INFO  : The application 'D:/study/Grade3/hardware/REAL/TTS/TTS_IP_LITE/project_1/project_1.sdk/top/Debug/top.elf' is downloaded to processor 'ps7_cortexa9_0'.
17:17:06 INFO  : ----------------XSDB Script----------------
connect -url tcp:127.0.0.1:3121
targets -set -filter {name =~"APU" && jtag_cable_name =~ "Digilent JTAG-HS1 210512180215"} -index 0
memmap -addr 1136852992 -size 65536 -flags 3
memmap -addr 1136918528 -size 65536 -flags 3
memmap -addr 1136787456 -size 65536 -flags 3
memmap -addr 1136984064 -size 65536 -flags 3
memmap -addr 1137049600 -size 65536 -flags 3
memmap -addr 1136721920 -size 65536 -flags 3
memmap -addr 1137115136 -size 65536 -flags 3
memmap -addr 1137180672 -size 65536 -flags 3
memmap -addr 1136656384 -size 65536 -flags 3
memmap -addr 4160782336 -size 4096 -flags 3
memmap -addr 4160786432 -size 4096 -flags 3
memmap -addr 4160790528 -size 4096 -flags 3
memmap -addr 4160794624 -size 4096 -flags 3
memmap -addr 4169138176 -size 1048576 -flags 3
memmap -addr 1048576 -size 535822336 -flags 3
memmap -addr 4160774144 -size 4096 -flags 3
memmap -addr 4160778240 -size 256 -flags 3
memmap -addr 4160765952 -size 4096 -flags 3
memmap -addr 4160761856 -size 4096 -flags 3
memmap -addr 3758141440 -size 4096 -flags 3
memmap -addr 4176478720 -size 256 -flags 3
memmap -addr 3758137344 -size 4096 -flags 3
memmap -addr 4170186752 -size 1048576 -flags 3
memmap -addr 4176482304 -size 4096 -flags 3
memmap -addr 3760193536 -size 4096 -flags 3
memmap -addr 4176486400 -size 4096 -flags 3
memmap -addr 4160798720 -size 4096 -flags 3
memmap -addr 4176486400 -size 4096 -flags 3
memmap -addr 4169732096 -size 4096 -flags 3
memmap -addr 3758149632 -size 4096 -flags 3
memmap -addr 4227858432 -size 16777216 -flags 3
memmap -addr 0 -size 196608 -flags 3
memmap -addr 4294901760 -size 65024 -flags 3
memmap -addr 4176478208 -size 253 -flags 3
memmap -addr 4176482304 -size 4096 -flags 3
memmap -addr 4176479744 -size 32 -flags 3
memmap -addr 4176479776 -size 224 -flags 3
memmap -addr 3759144960 -size 4096 -flags 3
memmap -addr 4160749568 -size 4096 -flags 3
memmap -addr 4160753664 -size 4096 -flags 3
memmap -addr 3758100480 -size 4096 -flags 3
memmap -addr 3758104576 -size 4096 -flags 3
memmap -addr 4160778496 -size 33 -flags 3
source D:/study/Grade3/hardware/REAL/TTS/TTS_IP_LITE/project_1/project_1.sdk/design_1_wrapper_hw_platform_0/ps7_init.tcl
targets -set -filter {name =~"APU" && jtag_cable_name =~ "Digilent JTAG-HS1 210512180215"} -index 0
ps7_init
ps7_post_config
targets -set -nocase -filter {name =~ "ARM*#0" && jtag_cable_name =~ "Digilent JTAG-HS1 210512180215"} -index 0
rst -processor
targets -set -nocase -filter {name =~ "ARM*#0" && jtag_cable_name =~ "Digilent JTAG-HS1 210512180215"} -index 0
dow D:/study/Grade3/hardware/REAL/TTS/TTS_IP_LITE/project_1/project_1.sdk/top/Debug/top.elf
----------------End of Script----------------

17:17:06 INFO  : Memory regions updated for context APU
17:17:06 INFO  : Context for processor 'ps7_cortexa9_0' is selected.
17:17:06 INFO  : 'con' command is executed.
17:17:06 INFO  : ----------------XSDB Script (After Launch)----------------
targets -set -nocase -filter {name =~ "ARM*#0" && jtag_cable_name =~ "Digilent JTAG-HS1 210512180215"} -index 0
con
----------------End of Script----------------

17:18:01 INFO  : Disconnected from the channel tcfchan#6.
17:18:01 INFO  : Connected to target on host '127.0.0.1' and port '3121'.
17:18:01 INFO  : 'targets -set -filter {jtag_cable_name =~ "Digilent JTAG-HS1 210512180215" && level==0} -index 1' command is executed.
17:18:01 INFO  : 'fpga -state' command is executed.
17:18:01 INFO  : Connected to target on host '127.0.0.1' and port '3121'.
17:18:01 INFO  : 'targets -set -filter {name =~"APU" && jtag_cable_name =~ "Digilent JTAG-HS1 210512180215"} -index 0' command is executed.
17:18:06 INFO  : Mermory regions for PS have been updated.
17:18:06 INFO  : Sourcing of 'D:/study/Grade3/hardware/REAL/TTS/TTS_IP_LITE/project_1/project_1.sdk/design_1_wrapper_hw_platform_0/ps7_init.tcl' is done.
17:18:07 INFO  : 'targets -set -filter {name =~"APU" && jtag_cable_name =~ "Digilent JTAG-HS1 210512180215"} -index 0' command is executed.
17:18:07 INFO  : 'ps7_init' command is executed.
17:18:07 INFO  : 'ps7_post_config' command is executed.
17:18:07 INFO  : Context for processor 'ps7_cortexa9_0' is selected.
17:18:08 INFO  : Processor reset is completed for 'ps7_cortexa9_0'.
17:18:08 INFO  : Context for processor 'ps7_cortexa9_0' is selected.
17:18:08 INFO  : The application 'D:/study/Grade3/hardware/REAL/TTS/TTS_IP_LITE/project_1/project_1.sdk/top/Debug/top.elf' is downloaded to processor 'ps7_cortexa9_0'.
17:18:08 INFO  : ----------------XSDB Script----------------
connect -url tcp:127.0.0.1:3121
targets -set -filter {name =~"APU" && jtag_cable_name =~ "Digilent JTAG-HS1 210512180215"} -index 0
memmap -addr 1136852992 -size 65536 -flags 3
memmap -addr 1136918528 -size 65536 -flags 3
memmap -addr 1136787456 -size 65536 -flags 3
memmap -addr 1136984064 -size 65536 -flags 3
memmap -addr 1137049600 -size 65536 -flags 3
memmap -addr 1136721920 -size 65536 -flags 3
memmap -addr 1137115136 -size 65536 -flags 3
memmap -addr 1137180672 -size 65536 -flags 3
memmap -addr 1136656384 -size 65536 -flags 3
memmap -addr 4160782336 -size 4096 -flags 3
memmap -addr 4160786432 -size 4096 -flags 3
memmap -addr 4160790528 -size 4096 -flags 3
memmap -addr 4160794624 -size 4096 -flags 3
memmap -addr 4169138176 -size 1048576 -flags 3
memmap -addr 1048576 -size 535822336 -flags 3
memmap -addr 4160774144 -size 4096 -flags 3
memmap -addr 4160778240 -size 256 -flags 3
memmap -addr 4160765952 -size 4096 -flags 3
memmap -addr 4160761856 -size 4096 -flags 3
memmap -addr 3758141440 -size 4096 -flags 3
memmap -addr 4176478720 -size 256 -flags 3
memmap -addr 3758137344 -size 4096 -flags 3
memmap -addr 4170186752 -size 1048576 -flags 3
memmap -addr 4176482304 -size 4096 -flags 3
memmap -addr 3760193536 -size 4096 -flags 3
memmap -addr 4176486400 -size 4096 -flags 3
memmap -addr 4160798720 -size 4096 -flags 3
memmap -addr 4176486400 -size 4096 -flags 3
memmap -addr 4169732096 -size 4096 -flags 3
memmap -addr 3758149632 -size 4096 -flags 3
memmap -addr 4227858432 -size 16777216 -flags 3
memmap -addr 0 -size 196608 -flags 3
memmap -addr 4294901760 -size 65024 -flags 3
memmap -addr 4176478208 -size 253 -flags 3
memmap -addr 4176482304 -size 4096 -flags 3
memmap -addr 4176479744 -size 32 -flags 3
memmap -addr 4176479776 -size 224 -flags 3
memmap -addr 3759144960 -size 4096 -flags 3
memmap -addr 4160749568 -size 4096 -flags 3
memmap -addr 4160753664 -size 4096 -flags 3
memmap -addr 3758100480 -size 4096 -flags 3
memmap -addr 3758104576 -size 4096 -flags 3
memmap -addr 4160778496 -size 33 -flags 3
source D:/study/Grade3/hardware/REAL/TTS/TTS_IP_LITE/project_1/project_1.sdk/design_1_wrapper_hw_platform_0/ps7_init.tcl
targets -set -filter {name =~"APU" && jtag_cable_name =~ "Digilent JTAG-HS1 210512180215"} -index 0
ps7_init
ps7_post_config
targets -set -nocase -filter {name =~ "ARM*#0" && jtag_cable_name =~ "Digilent JTAG-HS1 210512180215"} -index 0
rst -processor
targets -set -nocase -filter {name =~ "ARM*#0" && jtag_cable_name =~ "Digilent JTAG-HS1 210512180215"} -index 0
dow D:/study/Grade3/hardware/REAL/TTS/TTS_IP_LITE/project_1/project_1.sdk/top/Debug/top.elf
----------------End of Script----------------

17:18:08 INFO  : Memory regions updated for context APU
17:18:08 INFO  : Context for processor 'ps7_cortexa9_0' is selected.
17:18:08 INFO  : 'con' command is executed.
17:18:08 INFO  : ----------------XSDB Script (After Launch)----------------
targets -set -nocase -filter {name =~ "ARM*#0" && jtag_cable_name =~ "Digilent JTAG-HS1 210512180215"} -index 0
con
----------------End of Script----------------

17:58:16 INFO  : Disconnected from the channel tcfchan#7.
17:58:24 ERROR : Unexpected error while parsing XMD response ?: com.google.gson.JsonSyntaxException: com.google.gson.stream.MalformedJsonException: invalid number or unquoted string near 
13:30:34 INFO  : Launching XSDB server: xsdb.bat -s D:/softwares/Vivado/SDK/2015.2/scripts/xsdb/xsdb/xsdb-server.tcl
13:30:35 INFO  : Processing command line option -hwspec D:/study/Grade3/hardware/REAL/TTS/TTS_IP_LITE/project_1/project_1.sdk/design_1_wrapper.hdf.
13:30:36 INFO  : Checking for hwspec changes in the project design_1_wrapper_hw_platform_0.
13:30:37 INFO  : XSDB server has started successfully.
13:30:39 INFO  : SDK has detected change in the last modified timestamps for source hardware specification file Source:1686029361241,  Project:1685954205431
13:30:39 INFO  : The hardware specification for project 'design_1_wrapper_hw_platform_0' is different from D:/study/Grade3/hardware/REAL/TTS/TTS_IP_LITE/project_1/project_1.sdk/design_1_wrapper.hdf.
13:31:00 INFO  : Copied contents of D:/study/Grade3/hardware/REAL/TTS/TTS_IP_LITE/project_1/project_1.sdk/design_1_wrapper.hdf into \design_1_wrapper_hw_platform_0\system.hdf.
