#
# A fatal error has been detected by the Java Runtime Environment:
#
#  Internal Error (0xc000000d), pid=19924, tid=27268
#
# JRE version: Java(TM) SE Runtime Environment (8.0_25-b18) (build 1.8.0_25-b18)
# Java VM: Java HotSpot(TM) 64-Bit Server VM (25.25-b02 mixed mode windows-amd64 compressed oops)
# Problematic frame:
# C  [ntdll.dll+0x1259e0]
#
# Failed to write core dump. Minidumps are not enabled by default on client versions of Windows
#
# If you would like to submit a bug report, please visit:
#   http://bugreport.sun.com/bugreport/crash.jsp
#

---------------  T H R E A D  ---------------

Current thread (0x00000000141a8800):  VMThread [stack: 0x0000000015e90000,0x0000000015f90000] [id=27268]

siginfo: ExceptionCode=0xc000000d

Registers:
RAX=0x0000000000000001, RBX=0xfffffffffffffffe, RCX=0x0000000000000b00, RDX=0x0000000000000000
RSP=0x0000000015f8f230, RBP=0x00007ff9b8027408, RSI=0x0000000000000000, RDI=0x00000000000013d4
R8 =0x000000000294061a, R9 =0x0000000060a7fb90, R10=0x000000000000000d, R11=0x0000000000000000
R12=0x000000000052f390, R13=0x0000000023f226c0, R14=0x000000000052f498, R15=0x0000000015f8f3a8
RIP=0x00007ffa2b8559e0, EFLAGS=0x0000000000000206

Top of Stack: (sp=0x0000000015f8f230)
0x0000000015f8f230:   0000000000000057 fffffffffffffffe
0x0000000015f8f240:   0000000000000000 0000000000000000
0x0000000015f8f250:   00000080c000000d 0000000000000000
0x0000000015f8f260:   00007ffa2b8559e0 0000000000000000
0x0000000015f8f270:   0000000000000000 0000000000000000
0x0000000015f8f280:   0000000000000000 0000000000000000
0x0000000015f8f290:   0000000000000000 0000000000000000
0x0000000015f8f2a0:   0000000000000000 0000000000000000
0x0000000015f8f2b0:   0000000000000000 0000000000000000
0x0000000015f8f2c0:   0000000000000000 0000000000000000
0x0000000015f8f2d0:   0000000000000000 0000000000000000
0x0000000015f8f2e0:   0000000000000000 00007ffa2b8b4d40
0x0000000015f8f2f0:   00003d55b03189cd 00007ffa2b751f34
0x0000000015f8f300:   0000000000000000 00007ffa2b7f16ed
0x0000000015f8f310:   00007ff9758721b0 0000000000000001
0x0000000015f8f320:   0000000000000001 0000000015f8f340 

Instructions: (pc=0x00007ffa2b8559e0)
0x00007ffa2b8559c0:   a6 00 00 c7 44 24 20 0d 00 00 c0 b9 57 00 00 00
0x00007ffa2b8559d0:   e8 fb d8 f2 ff 90 48 8d 4c 24 20 e8 e0 e8 f2 ff
0x00007ffa2b8559e0:   eb 00 48 8b 8c 24 c0 00 00 00 48 33 cc e8 be 8c
0x00007ffa2b8559f0:   f6 ff 48 81 c4 d8 00 00 00 c3 cc 40 55 48 83 ec 


Register to memory mapping:

RAX=0x0000000000000001 is an unknown value
RBX=0xfffffffffffffffe is an unknown value
RCX=0x0000000000000b00 is an unknown value
RDX=0x0000000000000000 is an unknown value
RSP=0x0000000015f8f230 is an unknown value
RBP=0x00007ff9b8027408 is an unknown value
RSI=0x0000000000000000 is an unknown value
RDI=0x00000000000013d4 is an unknown value
R8 =0x000000000294061a is at begin+179 in a stub
StubRoutines::call_stub [0x0000000002940567, 0x00000000029406cb[ (356 bytes)
R9 =0x0000000060a7fb90 is an unknown value
R10=0x000000000000000d is an unknown value
R11=0x0000000000000000 is an unknown value
R12=0x000000000052f390 is an unknown value
R13=0x0000000023f226c0 is an unknown value
R14=0x000000000052f498 is an unknown value
R15=0x0000000015f8f3a8 is an unknown value


Stack: [0x0000000015e90000,0x0000000015f90000],  sp=0x0000000015f8f230,  free space=1020k
Native frames: (J=compiled Java code, j=interpreted, Vv=VM code, C=native code)
C  [ntdll.dll+0x1259e0]
C  [ntdll.dll+0xc16ed]
C  [KERNEL32.DLL+0x1874b]
C  [MSVCR110.dll+0x752d]
C  [MSVCR110.dll+0x14cde]
C  [MSVCR110.dll+0x13edc]
C  [MSVCR110.dll+0x239e]
C  [MSVCR110.dll+0xaf9e]
C  [MSVCP110.dll+0x397b9]
C  [librdi_common.dll+0x135d02]
C  [librdi_common.dll+0x13447b]
C  0x00007ffa0fc92400
C  0x00007ffa0fc92682
C  [ntdll.dll+0x2868f]
C  [ntdll.dll+0x51096]
C  [ntdll.dll+0x50c8d]
C  [KERNEL32.DLL+0x182ab]
C  [MSVCR100.dll+0x20ccd]
V  [jvm.dll+0x1f9c55]
V  [jvm.dll+0x2325e7]
V  [jvm.dll+0x231826]
V  [jvm.dll+0x231cc1]
V  [jvm.dll+0x231ede]
V  [jvm.dll+0x2852fa]
C  [MSVCR100.dll+0x21d9f]
C  [MSVCR100.dll+0x21e3b]
C  [KERNEL32.DLL+0x126ad]
C  [ntdll.dll+0x5a9f8]

VM_Operation (0x000000000014f4d0): Exit, mode: safepoint, requested by thread 0x000000000293e800


---------------  P R O C E S S  ---------------

Java Threads: ( => current thread )
  0x000000001622c000 JavaThread "Thread-42" daemon [_thread_blocked, id=11732, stack(0x000000002a770000,0x000000002a870000)]
  0x000000001cb99800 JavaThread "TCF Locator DNS Lookup" daemon [_thread_blocked, id=21812, stack(0x0000000022240000,0x0000000022340000)]
  0x000000001c26b800 JavaThread "TCF Locator Receiver" daemon [_thread_in_native, id=5416, stack(0x0000000021e20000,0x0000000021f20000)]
  0x000000001622d800 JavaThread "TCF Timer Dispatcher" daemon [_thread_blocked, id=13672, stack(0x0000000021c20000,0x0000000021d20000)]
  0x00000000188b9800 JavaThread "EMF Reference Cleaner" daemon [_thread_blocked, id=19176, stack(0x000000001b200000,0x000000001b300000)]
  0x00000000162b4800 JavaThread "Service Thread" daemon [_thread_blocked, id=12616, stack(0x0000000016b90000,0x0000000016c90000)]
  0x0000000016230800 JavaThread "C1 CompilerThread3" daemon [_thread_blocked, id=9376, stack(0x0000000016a90000,0x0000000016b90000)]
  0x0000000016220800 JavaThread "C2 CompilerThread2" daemon [_thread_blocked, id=27480, stack(0x0000000016990000,0x0000000016a90000)]
  0x000000001621a800 JavaThread "C2 CompilerThread1" daemon [_thread_blocked, id=26032, stack(0x0000000016890000,0x0000000016990000)]
  0x0000000016219000 JavaThread "C2 CompilerThread0" daemon [_thread_blocked, id=19836, stack(0x0000000016790000,0x0000000016890000)]
  0x0000000016218800 JavaThread "Attach Listener" daemon [_thread_blocked, id=19396, stack(0x0000000016690000,0x0000000016790000)]
  0x00000000141be000 JavaThread "Signal Dispatcher" daemon [_thread_blocked, id=25080, stack(0x0000000016590000,0x0000000016690000)]
  0x00000000028d9000 JavaThread "Finalizer" daemon [_thread_blocked, id=23876, stack(0x0000000016090000,0x0000000016190000)]
  0x00000000141ac800 JavaThread "Reference Handler" daemon [_thread_blocked, id=28144, stack(0x0000000015f90000,0x0000000016090000)]
  0x000000000293e800 JavaThread "main" [_thread_blocked, id=10012, stack(0x0000000000050000,0x0000000000150000)]

Other Threads:
=>0x00000000141a8800 VMThread [stack: 0x0000000015e90000,0x0000000015f90000] [id=27268]

VM state:at safepoint (shutting down)

VM Mutex/Monitor currently owned by a thread:  ([mutex/lock_event])
[0x00000000027e05d0] Threads_lock - owner thread: 0x00000000141a8800

Heap:
 PSYoungGen      total 65536K, used 11295K [0x00000000f5580000, 0x00000000fa980000, 0x0000000100000000)
  eden space 59392K, 9% used [0x00000000f5580000,0x00000000f5ae8f30,0x00000000f8f80000)
  from space 6144K, 93% used [0x00000000f9100000,0x00000000f969efc8,0x00000000f9700000)
  to   space 13312K, 0% used [0x00000000f9c80000,0x00000000f9c80000,0x00000000fa980000)
 ParOldGen       total 94720K, used 41432K [0x00000000e0000000, 0x00000000e5c80000, 0x00000000f5580000)
  object space 94720K, 43% used [0x00000000e0000000,0x00000000e28760d8,0x00000000e5c80000)
 Metaspace       used 87355K, capacity 93216K, committed 93736K, reserved 1130496K
  class space    used 10386K, capacity 12214K, committed 12328K, reserved 1048576K

Card table byte_map: [0x0000000011d00000,0x0000000011e10000] byte_map_base: 0x0000000011600000

Marking Bits: (ParMarkBitMap*) 0x00000000611bd490
 Begin Bits: [0x00000000126c0000, 0x0000000012ec0000)
 End Bits:   [0x0000000012ec0000, 0x00000000136c0000)

Polling page: 0x0000000002220000

CodeCache: size=245760Kb used=48052Kb max_used=48058Kb free=197707Kb
 bounds [0x0000000002940000, 0x0000000005890000, 0x0000000011940000]
 total_blobs=14063 nmethods=13204 adapters=766
 compilation: enabled

Compilation events (10 events):
Event: 6575.427 Thread 0x0000000016230800 nmethod 16605 0x00000000058628d0 code [0x0000000005862a20, 0x0000000005862b30]
Event: 6575.430 Thread 0x0000000016230800 16606       3       org.eclipse.osgi.baseadaptor.bundlefile.BundleFile::setMruIndex (6 bytes)
Event: 6575.431 Thread 0x0000000016230800 nmethod 16606 0x00000000034439d0 code [0x0000000003443b20, 0x0000000003443c70]
Event: 6575.433 Thread 0x0000000016230800 16607       1       org.eclipse.osgi.internal.loader.BundleLoaderProxy::getBundleData (5 bytes)
Event: 6575.433 Thread 0x0000000016230800 nmethod 16607 0x00000000040e4610 code [0x00000000040e4760, 0x00000000040e4870]
Event: 6575.451 Thread 0x0000000016219000 nmethod 16587 0x000000000587b490 code [0x000000000587b720, 0x000000000587d0f0]
Event: 6575.574 Thread 0x0000000016230800 16608   !   3       org.eclipse.osgi.internal.baseadaptor.BaseStorage::compact (215 bytes)
Event: 6575.576 Thread 0x0000000016230800 nmethod 16608 0x0000000005877810 code [0x0000000005877c40, 0x000000000587a0a8]
Event: 6575.646 Thread 0x0000000016230800 16609       3       org.eclipse.osgi.framework.internal.core.AbstractBundle::close (52 bytes)
Event: 6575.648 Thread 0x0000000016230800 nmethod 16609 0x000000000587f4d0 code [0x000000000587f700, 0x00000000058803e8]

GC Heap History (10 events):
Event: 6519.412 GC heap before
{Heap before GC invocations=113 (full 44):
 PSYoungGen      total 76288K, used 74921K [0x00000000f5580000, 0x00000000fab00000, 0x0000000100000000)
  eden space 67072K, 100% used [0x00000000f5580000,0x00000000f9700000,0x00000000f9700000)
  from space 9216K, 85% used [0x00000000fa180000,0x00000000fa92a468,0x00000000faa80000)
  to   space 10240K, 0% used [0x00000000f9700000,0x00000000f9700000,0x00000000fa100000)
 ParOldGen       total 94720K, used 41392K [0x00000000e0000000, 0x00000000e5c80000, 0x00000000f5580000)
  object space 94720K, 43% used [0x00000000e0000000,0x00000000e286c0d8,0x00000000e5c80000)
 Metaspace       used 86273K, capacity 92198K, committed 92584K, reserved 1130496K
  class space    used 10313K, capacity 12112K, committed 12200K, reserved 1048576K
Event: 6519.424 GC heap after
Heap after GC invocations=113 (full 44):
 PSYoungGen      total 75776K, used 10053K [0x00000000f5580000, 0x00000000fad80000, 0x0000000100000000)
  eden space 65536K, 0% used [0x00000000f5580000,0x00000000f5580000,0x00000000f9580000)
  from space 10240K, 98% used [0x00000000f9700000,0x00000000fa0d17f8,0x00000000fa100000)
  to   space 12288K, 0% used [0x00000000fa180000,0x00000000fa180000,0x00000000fad80000)
 ParOldGen       total 94720K, used 41400K [0x00000000e0000000, 0x00000000e5c80000, 0x00000000f5580000)
  object space 94720K, 43% used [0x00000000e0000000,0x00000000e286e0d8,0x00000000e5c80000)
 Metaspace       used 86273K, capacity 92198K, committed 92584K, reserved 1130496K
  class space    used 10313K, capacity 12112K, committed 12200K, reserved 1048576K
}
Event: 6542.235 GC heap before
{Heap before GC invocations=114 (full 44):
 PSYoungGen      total 75776K, used 75589K [0x00000000f5580000, 0x00000000fad80000, 0x0000000100000000)
  eden space 65536K, 100% used [0x00000000f5580000,0x00000000f9580000,0x00000000f9580000)
  from space 10240K, 98% used [0x00000000f9700000,0x00000000fa0d17f8,0x00000000fa100000)
  to   space 12288K, 0% used [0x00000000fa180000,0x00000000fa180000,0x00000000fad80000)
 ParOldGen       total 94720K, used 41400K [0x00000000e0000000, 0x00000000e5c80000, 0x00000000f5580000)
  object space 94720K, 43% used [0x00000000e0000000,0x00000000e286e0d8,0x00000000e5c80000)
 Metaspace       used 86534K, capacity 92492K, committed 92840K, reserved 1130496K
  class space    used 10324K, capacity 12145K, committed 12200K, reserved 1048576K
Event: 6542.243 GC heap after
Heap after GC invocations=114 (full 44):
 PSYoungGen      total 76288K, used 8055K [0x00000000f5580000, 0x00000000fae00000, 0x0000000100000000)
  eden space 64000K, 0% used [0x00000000f5580000,0x00000000f5580000,0x00000000f9400000)
  from space 12288K, 65% used [0x00000000fa180000,0x00000000fa95ddc8,0x00000000fad80000)
  to   space 13312K, 0% used [0x00000000f9400000,0x00000000f9400000,0x00000000fa100000)
 ParOldGen       total 94720K, used 41408K [0x00000000e0000000, 0x00000000e5c80000, 0x00000000f5580000)
  object space 94720K, 43% used [0x00000000e0000000,0x00000000e28700d8,0x00000000e5c80000)
 Metaspace       used 86534K, capacity 92492K, committed 92840K, reserved 1130496K
  class space    used 10324K, capacity 12145K, committed 12200K, reserved 1048576K
}
Event: 6550.845 GC heap before
{Heap before GC invocations=115 (full 44):
 PSYoungGen      total 76288K, used 72055K [0x00000000f5580000, 0x00000000fae00000, 0x0000000100000000)
  eden space 64000K, 100% used [0x00000000f5580000,0x00000000f9400000,0x00000000f9400000)
  from space 12288K, 65% used [0x00000000fa180000,0x00000000fa95ddc8,0x00000000fad80000)
  to   space 13312K, 0% used [0x00000000f9400000,0x00000000f9400000,0x00000000fa100000)
 ParOldGen       total 94720K, used 41408K [0x00000000e0000000, 0x00000000e5c80000, 0x00000000f5580000)
  object space 94720K, 43% used [0x00000000e0000000,0x00000000e28700d8,0x00000000e5c80000)
 Metaspace       used 86629K, capacity 92492K, committed 92840K, reserved 1130496K
  class space    used 10326K, capacity 12145K, committed 12200K, reserved 1048576K
Event: 6550.851 GC heap after
Heap after GC invocations=115 (full 44):
 PSYoungGen      total 69120K, used 6149K [0x00000000f5580000, 0x00000000fac80000, 0x0000000100000000)
  eden space 62464K, 0% used [0x00000000f5580000,0x00000000f5580000,0x00000000f9280000)
  from space 6656K, 92% used [0x00000000f9400000,0x00000000f9a01688,0x00000000f9a80000)
  to   space 13312K, 0% used [0x00000000f9f80000,0x00000000f9f80000,0x00000000fac80000)
 ParOldGen       total 94720K, used 41416K [0x00000000e0000000, 0x00000000e5c80000, 0x00000000f5580000)
  object space 94720K, 43% used [0x00000000e0000000,0x00000000e28720d8,0x00000000e5c80000)
 Metaspace       used 86629K, capacity 92492K, committed 92840K, reserved 1130496K
  class space    used 10326K, capacity 12145K, committed 12200K, reserved 1048576K
}
Event: 6559.380 GC heap before
{Heap before GC invocations=116 (full 44):
 PSYoungGen      total 69120K, used 68613K [0x00000000f5580000, 0x00000000fac80000, 0x0000000100000000)
  eden space 62464K, 100% used [0x00000000f5580000,0x00000000f9280000,0x00000000f9280000)
  from space 6656K, 92% used [0x00000000f9400000,0x00000000f9a01688,0x00000000f9a80000)
  to   space 13312K, 0% used [0x00000000f9f80000,0x00000000f9f80000,0x00000000fac80000)
 ParOldGen       total 94720K, used 41416K [0x00000000e0000000, 0x00000000e5c80000, 0x00000000f5580000)
  object space 94720K, 43% used [0x00000000e0000000,0x00000000e28720d8,0x00000000e5c80000)
 Metaspace       used 86743K, capacity 92626K, committed 92840K, reserved 1130496K
  class space    used 10327K, capacity 12146K, committed 12200K, reserved 1048576K
Event: 6559.385 GC heap after
Heap after GC invocations=116 (full 44):
 PSYoungGen      total 73728K, used 7942K [0x00000000f5580000, 0x00000000fac00000, 0x0000000100000000)
  eden space 60928K, 0% used [0x00000000f5580000,0x00000000f5580000,0x00000000f9100000)
  from space 12800K, 62% used [0x00000000f9f80000,0x00000000fa741988,0x00000000fac00000)
  to   space 13824K, 0% used [0x00000000f9100000,0x00000000f9100000,0x00000000f9e80000)
 ParOldGen       total 94720K, used 41424K [0x00000000e0000000, 0x00000000e5c80000, 0x00000000f5580000)
  object space 94720K, 43% used [0x00000000e0000000,0x00000000e28740d8,0x00000000e5c80000)
 Metaspace       used 86743K, capacity 92626K, committed 92840K, reserved 1130496K
  class space    used 10327K, capacity 12146K, committed 12200K, reserved 1048576K
}
Event: 6574.491 GC heap before
{Heap before GC invocations=117 (full 44):
 PSYoungGen      total 73728K, used 68870K [0x00000000f5580000, 0x00000000fac00000, 0x0000000100000000)
  eden space 60928K, 100% used [0x00000000f5580000,0x00000000f9100000,0x00000000f9100000)
  from space 12800K, 62% used [0x00000000f9f80000,0x00000000fa741988,0x00000000fac00000)
  to   space 13824K, 0% used [0x00000000f9100000,0x00000000f9100000,0x00000000f9e80000)
 ParOldGen       total 94720K, used 41424K [0x00000000e0000000, 0x00000000e5c80000, 0x00000000f5580000)
  object space 94720K, 43% used [0x00000000e0000000,0x00000000e28740d8,0x00000000e5c80000)
 Metaspace       used 87035K, capacity 92990K, committed 93352K, reserved 1130496K
  class space    used 10352K, capacity 12180K, committed 12200K, reserved 1048576K
Event: 6574.497 GC heap after
Heap after GC invocations=117 (full 44):
 PSYoungGen      total 65536K, used 5755K [0x00000000f5580000, 0x00000000fa980000, 0x0000000100000000)
  eden space 59392K, 0% used [0x00000000f5580000,0x00000000f5580000,0x00000000f8f80000)
  from space 6144K, 93% used [0x00000000f9100000,0x00000000f969efc8,0x00000000f9700000)
  to   space 13312K, 0% used [0x00000000f9c80000,0x00000000f9c80000,0x00000000fa980000)
 ParOldGen       total 94720K, used 41432K [0x00000000e0000000, 0x00000000e5c80000, 0x00000000f5580000)
  object space 94720K, 43% used [0x00000000e0000000,0x00000000e28760d8,0x00000000e5c80000)
 Metaspace       used 87035K, capacity 92990K, committed 93352K, reserved 1130496K
  class space    used 10352K, capacity 12180K, committed 12200K, reserved 1048576K
}

Deoptimization events (10 events):
Event: 6575.159 Thread 0x000000000293e800 Uncommon trap: reason=unreached action=reinterpret pc=0x00000000051e1610 method=org.eclipse.swt.widgets.Display.getSystemFont()Lorg/eclipse/swt/graphics/Font; @ 8
Event: 6575.256 Thread 0x000000000293e800 Uncommon trap: reason=null_check action=make_not_entrant pc=0x00000000034947dc method=org.eclipse.core.runtime.internal.adaptor.EclipseLazyStarter.shouldActivateFor(Ljava/lang/String;Lorg/eclipse/osgi/baseadaptor/BaseData;Lorg/eclipse/core/runtime/internal¾ýJ¯¹@
Event: 6575.293 Thread 0x000000000293e800 Uncommon trap: reason=class_check action=maybe_recompile pc=0x00000000053d92d8 method=org.eclipse.swt.widgets.Display.asyncExec(Ljava/lang/Runnable;)V @ 54
Event: 6575.294 Thread 0x000000000293e800 Uncommon trap: reason=class_check action=maybe_recompile pc=0x00000000053d92d8 method=org.eclipse.swt.widgets.Display.asyncExec(Ljava/lang/Runnable;)V @ 54
Event: 6575.401 Thread 0x00000000172ae000 Uncommon trap: reason=unreached action=reinterpret pc=0x00000000056dbe00 method=org.eclipse.core.internal.jobs.WorkerPool.startJob(Lorg/eclipse/core/internal/jobs/Worker;)Lorg/eclipse/core/internal/jobs/InternalJob; @ 185
Event: 6575.401 Thread 0x000000001cba0800 Uncommon trap: reason=unreached action=reinterpret pc=0x00000000056dbe00 method=org.eclipse.core.internal.jobs.WorkerPool.startJob(Lorg/eclipse/core/internal/jobs/Worker;)Lorg/eclipse/core/internal/jobs/InternalJob; @ 185
Event: 6575.401 Thread 0x00000000172a2000 Uncommon trap: reason=unreached action=reinterpret pc=0x00000000056dbe00 method=org.eclipse.core.internal.jobs.WorkerPool.startJob(Lorg/eclipse/core/internal/jobs/Worker;)Lorg/eclipse/core/internal/jobs/InternalJob; @ 185
Event: 6575.402 Thread 0x000000001c985800 Uncommon trap: reason=unreached action=reinterpret pc=0x00000000056dbe00 method=org.eclipse.core.internal.jobs.WorkerPool.startJob(Lorg/eclipse/core/internal/jobs/Worker;)Lorg/eclipse/core/internal/jobs/InternalJob; @ 185
Event: 6575.402 Thread 0x000000001cb9d800 Uncommon trap: reason=unreached action=reinterpret pc=0x00000000056dbe00 method=org.eclipse.core.internal.jobs.WorkerPool.startJob(Lorg/eclipse/core/internal/jobs/Worker;)Lorg/eclipse/core/internal/jobs/InternalJob; @ 185
Event: 6575.487 Thread 0x000000001c265000 Uncommon trap: reason=unloaded action=reinterpret pc=0x000000000501e634 method=org.eclipse.tcf.EventQueue.invokeLater(Ljava/lang/Runnable;)V @ 25

Internal exceptions (10 events):
Event: 6574.583 Thread 0x000000000293e800 Implicit null exception at 0x0000000004a0febd to 0x0000000004a110c5
Event: 6574.584 Thread 0x000000000293e800 Implicit null exception at 0x000000000554d0c8 to 0x000000000554d448
Event: 6574.585 Thread 0x000000000293e800 Implicit null exception at 0x0000000005549aec to 0x0000000005549e95
Event: 6574.587 Thread 0x00000000172b1000 Implicit null exception at 0x00000000056d86c7 to 0x00000000056dfda5
Event: 6574.587 Thread 0x00000000172b0000 Implicit null exception at 0x00000000056d86c7 to 0x00000000056dfda5
Event: 6575.256 Thread 0x000000000293e800 Implicit null exception at 0x0000000003493cd7 to 0x00000000034947cd
Event: 6575.438 Thread 0x000000001750c000 Exception <a 'java/lang/InterruptedException': sleep interrupted> (0x00000000f59b5950) thrown at [D:\re\workspace\8-2-build-windows-amd64-cygwin\jdk8u25\1677\hotspot\src\share\vm\prims\jvm.cpp, line 3141]
Event: 6575.440 Thread 0x0000000016232000 Exception <a 'java/lang/InterruptedException'> (0x00000000f59d4ef0) thrown at [D:\re\workspace\8-2-build-windows-amd64-cygwin\jdk8u25\1677\hotspot\src\share\vm\runtime\objectMonitor.cpp, line 1682]
Event: 6575.441 Thread 0x00000000182fc800 Exception <a 'java/lang/InterruptedException'> (0x00000000f59df658) thrown at [D:\re\workspace\8-2-build-windows-amd64-cygwin\jdk8u25\1677\hotspot\src\share\vm\runtime\objectMonitor.cpp, line 1682]
Event: 6575.646 Thread 0x0000000017012800 Exception <a 'java/lang/InterruptedException'> (0x00000000f590b810) thrown at [D:\re\workspace\8-2-build-windows-amd64-cygwin\jdk8u25\1677\hotspot\src\share\vm\runtime\objectMonitor.cpp, line 1682]

Events (10 events):
Event: 6575.646 Thread 0x0000000017012800 Thread exited: 0x0000000017012800
Event: 6575.648 Thread 0x0000000017059800 Thread exited: 0x0000000017059800
Event: 6575.648 loading class java/util/IdentityHashMap$KeyIterator
Event: 6575.648 loading class java/util/IdentityHashMap$IdentityHashMapIterator
Event: 6575.649 loading class java/util/IdentityHashMap$IdentityHashMapIterator done
Event: 6575.649 loading class java/util/IdentityHashMap$KeyIterator done
Event: 6575.649 Thread 0x000000001cb9a800 Thread added: 0x000000001cb9a800
Event: 6575.650 Thread 0x0000000016230800 flushing nmethod 0x0000000003f4b190
Event: 6575.650 Thread 0x000000001cb9a800 Thread exited: 0x000000001cb9a800
Event: 6575.650 Executing VM operation: Exit


Dynamic libraries:
0x0000000000400000 - 0x000000000044f000 	D:\softwares\Vivado\SDK\2015.2\eclipse\win64.o\eclipse.exe
0x00007ffa2b730000 - 0x00007ffa2b944000 	C:\WINDOWS\SYSTEM32\ntdll.dll
0x00007ffa2a1b0000 - 0x00007ffa2a272000 	C:\WINDOWS\System32\KERNEL32.DLL
0x00007ffa28d10000 - 0x00007ffa290b3000 	C:\WINDOWS\System32\KERNELBASE.dll
0x00007ffa29c30000 - 0x00007ffa29ddb000 	C:\WINDOWS\System32\USER32.dll
0x00007ffa29470000 - 0x00007ffa29496000 	C:\WINDOWS\System32\win32u.dll
0x00007ffa29590000 - 0x00007ffa295b9000 	C:\WINDOWS\System32\GDI32.dll
0x00007ffa29230000 - 0x00007ffa29349000 	C:\WINDOWS\System32\gdi32full.dll
0x00007ffa28bf0000 - 0x00007ffa28c8a000 	C:\WINDOWS\System32\msvcp_win.dll
0x00007ffa29350000 - 0x00007ffa29461000 	C:\WINDOWS\System32\ucrtbase.dll
0x00007ffa2a680000 - 0x00007ffa2a727000 	C:\WINDOWS\System32\msvcrt.dll
0x00007ffa07460000 - 0x00007ffa076ee000 	C:\WINDOWS\WinSxS\amd64_microsoft.windows.common-controls_6595b64144ccf1df_6.0.22621.1635_none_270f70857386168e\COMCTL32.dll
0x00007ffa2b020000 - 0x00007ffa2b051000 	C:\WINDOWS\System32\IMM32.DLL
0x0000000072000000 - 0x0000000072012000 	D:\softwares\Vivado\SDK\2015.2\eclipse\win64.o\plugins\org.eclipse.equinox.launcher.win32.win32.x86_64_1.1.200.v20140116-2212\eclipse_1503.dll
0x00007ffa2b060000 - 0x00007ffa2b10e000 	C:\WINDOWS\System32\ADVAPI32.dll
0x00007ffa2b500000 - 0x00007ffa2b5a4000 	C:\WINDOWS\System32\sechost.dll
0x00007ffa2a010000 - 0x00007ffa2a127000 	C:\WINDOWS\System32\RPCRT4.dll
0x00007ffa1a8a0000 - 0x00007ffa1a8aa000 	C:\WINDOWS\SYSTEM32\VERSION.dll
0x00007ffa23960000 - 0x00007ffa23a0b000 	C:\WINDOWS\system32\uxtheme.dll
0x00007ffa2a2f0000 - 0x00007ffa2a679000 	C:\WINDOWS\System32\combase.dll
0x00007ffa2b110000 - 0x00007ffa2b237000 	C:\WINDOWS\System32\MSCTF.dll
0x00000000609e0000 - 0x000000006123a000 	D:\softwares\Vivado\SDK\2015.2\tps\win64\jre\bin\server\jvm.dll
0x00007ffa2b670000 - 0x00007ffa2b678000 	C:\WINDOWS\System32\PSAPI.DLL
0x00007ffa26260000 - 0x00007ffa26294000 	C:\WINDOWS\SYSTEM32\WINMM.dll
0x00007ff9ecc90000 - 0x00007ff9ecc99000 	C:\WINDOWS\SYSTEM32\WSOCK32.dll
0x00007ffa29510000 - 0x00007ffa29581000 	C:\WINDOWS\System32\WS2_32.dll
0x0000000062030000 - 0x0000000062102000 	C:\WINDOWS\SYSTEM32\MSVCR100.dll
0x0000000061e70000 - 0x0000000061e7f000 	D:\softwares\Vivado\SDK\2015.2\tps\win64\jre\bin\verify.dll
0x0000000060880000 - 0x00000000608a8000 	D:\softwares\Vivado\SDK\2015.2\tps\win64\jre\bin\java.dll
0x0000000060860000 - 0x0000000060876000 	D:\softwares\Vivado\SDK\2015.2\tps\win64\jre\bin\zip.dll
0x00007ffa2a730000 - 0x00007ffa2af2a000 	C:\WINDOWS\System32\SHELL32.dll
0x00007ffa26af0000 - 0x00007ffa273be000 	C:\WINDOWS\SYSTEM32\windows.storage.dll
0x00007ffa269b0000 - 0x00007ffa26aee000 	C:\WINDOWS\SYSTEM32\wintypes.dll
0x00007ffa2b240000 - 0x00007ffa2b331000 	C:\WINDOWS\System32\SHCORE.dll
0x00007ffa29e00000 - 0x00007ffa29e5e000 	C:\WINDOWS\System32\shlwapi.dll
0x00007ffa28a60000 - 0x00007ffa28a81000 	C:\WINDOWS\SYSTEM32\profapi.dll
0x00007ffa282f0000 - 0x00007ffa2830b000 	C:\WINDOWS\SYSTEM32\CRYPTSP.dll
0x00007ffa27ba0000 - 0x00007ffa27bd5000 	C:\WINDOWS\system32\rsaenh.dll
0x00007ffa28170000 - 0x00007ffa28198000 	C:\WINDOWS\SYSTEM32\USERENV.dll
0x00007ffa284e0000 - 0x00007ffa28508000 	C:\WINDOWS\SYSTEM32\bcrypt.dll
0x00007ffa28c90000 - 0x00007ffa28d0b000 	C:\WINDOWS\System32\bcryptprimitives.dll
0x00007ffa282e0000 - 0x00007ffa282ec000 	C:\WINDOWS\SYSTEM32\CRYPTBASE.dll
0x0000000060840000 - 0x000000006085a000 	D:\softwares\Vivado\SDK\2015.2\tps\win64\jre\bin\net.dll
0x00007ffa280a0000 - 0x00007ffa28109000 	C:\WINDOWS\system32\mswsock.dll
0x00007ffa27690000 - 0x00007ffa276bd000 	C:\WINDOWS\SYSTEM32\IPHLPAPI.DLL
0x00007ffa2af30000 - 0x00007ffa2af39000 	C:\WINDOWS\System32\NSI.dll
0x00007ffa20180000 - 0x00007ffa20199000 	C:\WINDOWS\SYSTEM32\dhcpcsvc6.DLL
0x00007ffa1fe80000 - 0x00007ffa1fe9f000 	C:\WINDOWS\SYSTEM32\dhcpcsvc.DLL
0x00007ffa27700000 - 0x00007ffa277f3000 	C:\WINDOWS\SYSTEM32\DNSAPI.dll
0x0000000060820000 - 0x0000000060831000 	D:\softwares\Vivado\SDK\2015.2\tps\win64\jre\bin\nio.dll
0x00007ffa27c30000 - 0x00007ffa27c48000 	C:\WINDOWS\SYSTEM32\kernel.appcore.dll
0x00007ffa11d90000 - 0x00007ffa11ebd000 	C:\WINDOWS\SYSTEM32\textinputframework.dll
0x00007ffa2af40000 - 0x00007ffa2b017000 	C:\WINDOWS\System32\OLEAUT32.dll
0x00007ffa22f00000 - 0x00007ffa23033000 	C:\WINDOWS\SYSTEM32\CoreMessaging.dll
0x00007ffa1fb10000 - 0x00007ffa1fe7c000 	C:\WINDOWS\SYSTEM32\CoreUIComponents.dll
0x00007ff9f76e0000 - 0x00007ff9f76f7000 	C:\WINDOWS\system32\napinsp.dll
0x00007ff9f7780000 - 0x00007ff9f779b000 	C:\WINDOWS\system32\pnrpnsp.dll
0x00007ff9f7760000 - 0x00007ff9f7771000 	C:\WINDOWS\System32\winrnr.dll
0x00007ffa1e8e0000 - 0x00007ffa1e8f5000 	C:\WINDOWS\system32\wshbth.dll
0x00007ff9f5bd0000 - 0x00007ff9f5bf1000 	C:\WINDOWS\system32\nlansp_c.dll
0x00007ffa1a8d0000 - 0x00007ffa1a8da000 	C:\Windows\System32\rasadhlp.dll
0x00007ffa1d640000 - 0x00007ffa1d6c4000 	C:\WINDOWS\System32\fwpuclnt.dll
0x000000001abd0000 - 0x000000001ac78000 	C:\Users\Chen\.Xilinx\SDK\2015.2\org.eclipse.osgi\bundles\287\1\.cp\swt-win32-4335.dll
0x00007ffa29e70000 - 0x00007ffa2a00c000 	C:\WINDOWS\System32\ole32.dll
0x00007ffa295c0000 - 0x00007ffa296b7000 	C:\WINDOWS\System32\comdlg32.dll
0x00007ffa290c0000 - 0x00007ffa29227000 	C:\WINDOWS\System32\CRYPT32.dll
0x00007ff9f2500000 - 0x00007ff9f2519000 	C:\WINDOWS\SYSTEM32\USP10.dll
0x00007ffa126f0000 - 0x00007ffa1278f000 	C:\WINDOWS\SYSTEM32\WINSPOOL.DRV
0x00007ffa0fe00000 - 0x00007ffa102f4000 	C:\WINDOWS\SYSTEM32\WININET.dll
0x00007ffa24ee0000 - 0x00007ffa24fe0000 	C:\WINDOWS\SYSTEM32\propsys.dll
0x00007ffa2b5c0000 - 0x00007ffa2b670000 	C:\WINDOWS\System32\clbcatq.dll
0x000000001b1b0000 - 0x000000001b1ce000 	C:\Users\Chen\.Xilinx\SDK\2015.2\org.eclipse.osgi\bundles\287\1\.cp\swt-gdip-win32-4335.dll
0x00007ffa076f0000 - 0x00007ffa078a9000 	C:\WINDOWS\WinSxS\amd64_microsoft.windows.gdiplus_6595b64144ccf1df_1.1.22621.1778_none_57fe2016ce1542ec\gdiplus.dll
0x00007ffa22180000 - 0x00007ffa22330000 	C:\WINDOWS\SYSTEM32\WindowsCodecs.dll
0x0000000180000000 - 0x0000000180012000 	C:\Users\Chen\.Xilinx\SDK\2015.2\org.eclipse.osgi\bundles\113\1\.cp\os\win32\x86_64\localfile_1_0_0.dll
0x00007ffa00e90000 - 0x00007ffa00f40000 	C:\WINDOWS\SYSTEM32\TextShaping.dll
0x00007ffa131a0000 - 0x00007ffa131b1000 	C:\Users\Chen\.Xilinx\SDK\2015.2\org.eclipse.osgi\bundles\116\1\.cp\jWinHttp-1.0.0.dll
0x00007ffa24560000 - 0x00007ffa24697000 	C:\WINDOWS\SYSTEM32\WINHTTP.dll
0x00007ffa0a4c0000 - 0x00007ffa0a529000 	C:\WINDOWS\SYSTEM32\oleacc.dll
0x00007ffa13180000 - 0x00007ffa13196000 	D:\softwares\Vivado\SDK\2015.2\eclipse\win64.o\plugins\org.eclipse.cdt.core.win32.x86_64_5.2.0.201402142303\os\win32\x86_64\spawner.dll
0x00007ffa113d0000 - 0x00007ffa113e0000 	D:\softwares\Vivado\SDK\2015.2\lib\win64.o\librdi_repo_manager.dll
0x00007ff9b75a0000 - 0x00007ff9b75ca000 	D:\softwares\Vivado\SDK\2015.2\lib\win64.o\libisl_sysinfo.dll
0x00007ff9b4110000 - 0x00007ff9b4164000 	D:\softwares\Vivado\SDK\2015.2\lib\win64.o\librdi_commonxillic.dll
0x00007ff9c4c40000 - 0x00007ff9c4ce7000 	C:\WINDOWS\SYSTEM32\MSVCP110.dll
0x00007ff9b8020000 - 0x00007ff9b80f4000 	C:\WINDOWS\SYSTEM32\MSVCR110.dll
0x00007ff979ff0000 - 0x00007ff97a1d8000 	D:\softwares\Vivado\SDK\2015.2\lib\win64.o\librdi_hsm.dll
0x00007ff987130000 - 0x00007ff987350000 	D:\softwares\Vivado\SDK\2015.2\lib\win64.o\libXil_lmgr11.dll
0x00007ffa294a0000 - 0x00007ffa2950b000 	C:\WINDOWS\System32\WINTRUST.dll
0x00007ffa12c70000 - 0x00007ffa12c92000 	D:\softwares\Vivado\SDK\2015.2\lib\win64.o\libboost_filesystem.dll
0x00007ffa12ac0000 - 0x00007ffa12ac9000 	D:\softwares\Vivado\SDK\2015.2\lib\win64.o\libboost_system.dll
0x00007ff9b5b40000 - 0x00007ff9b5c3a000 	D:\softwares\Vivado\SDK\2015.2\lib\win64.o\libboost_regex.dll
0x00007ff958d80000 - 0x00007ff9596c3000 	D:\softwares\Vivado\SDK\2015.2\lib\win64.o\librdi_common.dll
0x00007ff9b46f0000 - 0x00007ff9b4733000 	D:\softwares\Vivado\SDK\2015.2\lib\win64.o\librdi_hdf.dll
0x00007ffa050e0000 - 0x00007ffa050f9000 	C:\WINDOWS\SYSTEM32\NETAPI32.dll
0x00007ff975560000 - 0x00007ff97571a000 	D:\softwares\Vivado\SDK\2015.2\lib\win64.o\librdi_ippcw.dll
0x00000000608b0000 - 0x00000000609d7000 	D:\softwares\Vivado\SDK\2015.2\lib\win64.o\tcl85t.dll
0x00007ff975f10000 - 0x00007ff9761b8000 	D:\softwares\Vivado\SDK\2015.2\lib\win64.o\libCOIN-all.dll
0x00007ffa12ad0000 - 0x00007ffa12b44000 	D:\softwares\Vivado\SDK\2015.2\lib\win64.o\libboost_program_options.dll
0x00007ffa12aa0000 - 0x00007ffa12abd000 	D:\softwares\Vivado\SDK\2015.2\lib\win64.o\libboost_thread.dll
0x00007ffa11fa0000 - 0x00007ffa12020000 	D:\softwares\Vivado\SDK\2015.2\lib\win64.o\libhdlpsolve.dll
0x00007ff9b4f40000 - 0x00007ff9b4fda000 	D:\softwares\Vivado\SDK\2015.2\lib\win64.o\libhdxml.dll
0x00007ff950050000 - 0x00007ff95065a200 	D:\softwares\Vivado\SDK\2015.2\lib\win64.o\libisl_iostreams.dll
0x00007ffa11f70000 - 0x00007ffa11f93000 	D:\softwares\Vivado\SDK\2015.2\lib\win64.o\libisl_iosutils.dll
0x00007ffa12da0000 - 0x00007ffa12db5000 	D:\softwares\Vivado\SDK\2015.2\lib\win64.o\pthreadVC2.dll
0x00007ff99b840000 - 0x00007ff99b970000 	D:\softwares\Vivado\SDK\2015.2\lib\win64.o\librdi_curl.dll
0x00007ff9faf90000 - 0x00007ff9fafa8000 	D:\softwares\Vivado\SDK\2015.2\lib\win64.o\librdiconfig.dll
0x00007ff9b6d80000 - 0x00007ff9b6da3000 	D:\softwares\Vivado\SDK\2015.2\lib\win64.o\librdizlib.dll
0x00007ffa12a80000 - 0x00007ffa12a93000 	D:\softwares\Vivado\SDK\2015.2\lib\win64.o\libboost_signals.dll
0x00007ffa15e20000 - 0x00007ffa1600f000 	C:\WINDOWS\SYSTEM32\urlmon.dll
0x00007ff9ec420000 - 0x00007ff9ec443000 	C:\WINDOWS\SYSTEM32\VCOMP110.DLL
0x00007ffa12ca0000 - 0x00007ffa12cb0000 	D:\softwares\Vivado\SDK\2015.2\lib\win64.o\libboost_date_time.dll
0x00007ffa12a70000 - 0x00007ffa12a7b000 	D:\softwares\Vivado\SDK\2015.2\lib\win64.o\libboost_chrono.dll
0x00007ff9f2560000 - 0x00007ff9f2576000 	D:\softwares\Vivado\SDK\2015.2\lib\win64.o\libboost_iostreams.dll
0x00007ffa0efb0000 - 0x00007ffa0f261000 	C:\WINDOWS\SYSTEM32\iertutil.dll
0x00007ffa1d500000 - 0x00007ffa1d528000 	C:\WINDOWS\SYSTEM32\srvcli.dll
0x00007ffa27680000 - 0x00007ffa2768c000 	C:\WINDOWS\SYSTEM32\netutils.dll
0x0000000021560000 - 0x00000000217c3000 	D:\softwares\Vivado\SDK\2015.2\lib\win64.o\xerces-c_3_1.dll
0x00007ffa287d0000 - 0x00007ffa287e2000 	C:\WINDOWS\SYSTEM32\MSASN1.dll
0x00007ff9e9c40000 - 0x00007ff9e9c5c000 	D:\softwares\Vivado\SDK\2015.2\lib\win64.o\librdi_hw_platform.dll
0x00007ffa1e480000 - 0x00007ffa1e487000 	C:\WINDOWS\SYSTEM32\msimg32.dll
0x00007ff9faec0000 - 0x00007ff9faee8000 	C:\WINDOWS\SYSTEM32\edputil.dll
0x00007ff96fe30000 - 0x00007ff97023a000 	D:\softwares\Vivado\SDK\2015.2\lib\win64.o\librdi_commontasks.dll
0x00007ff94f840000 - 0x00007ff950050000 	D:\softwares\Vivado\SDK\2015.2\lib\win64.o\libXil_lmgr11FNP.dll
0x00007ffa29720000 - 0x00007ffa29b94000 	C:\WINDOWS\System32\SETUPAPI.dll
0x00007ffa0fce0000 - 0x00007ffa0fcee000 	C:\WINDOWS\SYSTEM32\snmpapi.dll
0x00007ffa27e90000 - 0x00007ffa27ed2000 	C:\WINDOWS\SYSTEM32\SspiCli.dll
0x00007ffa287f0000 - 0x00007ffa2881c000 	C:\WINDOWS\SYSTEM32\DEVOBJ.dll
0x00007ffa28820000 - 0x00007ffa2886e000 	C:\WINDOWS\SYSTEM32\cfgmgr32.dll

VM Arguments:
jvm_args: -Dcom.xilinx.sdk.args.hwspec=D:/study/Grade3/hardware/REAL/TTS/TTS_IP_LITE/project_1/project_1.sdk/design_1_wrapper.hdf -Xms64m -Xmx512m & 
java_command: <unknown>
java_class_path (initial): D:\softwares\Vivado\SDK\2015.2\eclipse\win64.o\\plugins/org.eclipse.equinox.launcher_1.3.0.v20130327-1440.jar
Launcher Type: generic

Environment Variables:
USERNAME=Chen
OS=Windows_NT
PROCESSOR_IDENTIFIER=Intel64 Family 6 Model 142 Stepping 12, GenuineIntel



---------------  S Y S T E M  ---------------

OS: Windows 8 , 64 bit Build 9200 

CPU:total 8 (4 cores per cpu, 2 threads per core) family 6 model 142 stepping 12, cmov, cx8, fxsr, mmx, sse, sse2, sse3, ssse3, sse4.1, sse4.2, popcnt, avx, avx2, aes, clmul, erms, lzcnt, ht, tsc, tscinvbit, bmi1, bmi2

Memory: 4k page, physical 16605940k(9669244k free), swap 33211880k(11644896k free)

vm_info: Java HotSpot(TM) 64-Bit Server VM (25.25-b02) for windows-amd64 JRE (1.8.0_25-b18), built on Oct  7 2014 14:25:37 by "java_re" with MS VC++ 10.0 (VS2010)

time: Tue Jun 06 15:20:49 2023
elapsed time: 6579 seconds (0d 1h 49m 39s)

